#
# There is insufficient memory for the Java Runtime Environment to continue.
# Native memory allocation (malloc) failed to allocate 509136 bytes. Error detail: Chunk::new
# Possible reasons:
#   The system is out of physical RAM or swap space
#   This process is running with CompressedOops enabled, and the Java Heap may be blocking the growth of the native heap
# Possible solutions:
#   Reduce memory load on the system
#   Increase physical memory or swap space
#   Check if swap backing store is full
#   Decrease Java heap size (-Xmx/-Xms)
#   Decrease number of Java threads
#   Decrease Java thread stack sizes (-Xss)
#   Set larger code cache with -XX:ReservedCodeCacheSize=
#   JVM is running with Unscaled Compressed Oops mode in which the Java heap is
#     placed in the first 4GB address space. The Java Heap base address is the
#     maximum limit for the native heap growth. Please use -XX:HeapBaseMinAddress
#     to set the Java Heap base and to place the Java Heap above 4GB virtual address.
# This output file may be truncated or incomplete.
#
#  Out of Memory Error (arena.cpp:150), pid=1280, tid=23680
#
# JRE version: Java(TM) SE Runtime Environment (22.0.2+9) (build 22.0.2+9-70)
# Java VM: Java HotSpot(TM) 64-Bit Server VM (22.0.2+9-70, mixed mode, sharing, tiered, compressed oops, compressed class ptrs, g1 gc, windows-amd64)
# No core dump will be written. Minidumps are not enabled by default on client versions of Windows
#

---------------  S U M M A R Y ------------

Command Line: -Dfile.encoding=UTF-8 -Duser.country=FR -Duser.language=fr -Duser.variant Main

Host: 11th Gen Intel(R) Core(TM) i3-1115G4 @ 3.00GHz, 4 cores, 7G,  Windows 11 , 64 bit Build 22621 (10.0.22621.3958)
Time: Thu Nov 14 15:33:51 2024 Temps universel coordonné elapsed time: 1.348293 seconds (0d 0h 0m 1s)

---------------  T H R E A D  ---------------

Current thread (0x000001f1fcaecd60):  JavaThread "C2 CompilerThread0" daemon [_thread_in_native, id=23680, stack(0x0000005f7e300000,0x0000005f7e400000) (1024K)]


Current CompileTask:
C2:1348  718       4       java.io.DataInputStream::readUTF (501 bytes)

Stack: [0x0000005f7e300000,0x0000005f7e400000]
Native frames: (J=compiled Java code, j=interpreted, Vv=VM code, C=native code)
V  [jvm.dll+0x6e26e9]  (no source info available)
V  [jvm.dll+0x875753]  (no source info available)
V  [jvm.dll+0x877b7e]  (no source info available)
V  [jvm.dll+0x878253]  (no source info available)
V  [jvm.dll+0x27fc86]  (no source info available)
V  [jvm.dll+0xc3d0f]  (no source info available)
V  [jvm.dll+0xc3f6b]  (no source info available)
V  [jvm.dll+0x3bb442]  (no source info available)
V  [jvm.dll+0x387d4b]  (no source info available)
V  [jvm.dll+0x3871ba]  (no source info available)
V  [jvm.dll+0x2477f8]  (no source info available)
V  [jvm.dll+0x246e9f]  (no source info available)
V  [jvm.dll+0x1c4e80]  (no source info available)
V  [jvm.dll+0x2568f3]  (no source info available)
V  [jvm.dll+0x254baa]  (no source info available)
V  [jvm.dll+0x3f57a6]  (no source info available)
V  [jvm.dll+0x81dc0b]  (no source info available)
V  [jvm.dll+0x6e0d85]  (no source info available)
C  [ucrtbase.dll+0x29333]  (no source info available)
C  [KERNEL32.DLL+0x1257d]  (no source info available)
C  [ntdll.dll+0x5af08]  (no source info available)


---------------  P R O C E S S  ---------------

Threads class SMR info:
_java_thread_list=0x000001f1c5234410, length=11, elements={
0x000001f1deb6cb00, 0x000001f1fcadfe90, 0x000001f1fcae0e50, 0x000001f1fcae4cd0,
0x000001f1fcae5820, 0x000001f1fcaeb390, 0x000001f1fcaebee0, 0x000001f1fcaecd60,
0x000001f1fcb015c0, 0x000001f1c5259890, 0x000001f1c5265ef0
}

Java Threads: ( => current thread )
  0x000001f1deb6cb00 JavaThread "main"                              [_thread_in_vm, id=24148, stack(0x0000005f7d500000,0x0000005f7d600000) (1024K)]
  0x000001f1fcadfe90 JavaThread "Reference Handler"          daemon [_thread_blocked, id=17888, stack(0x0000005f7dd00000,0x0000005f7de00000) (1024K)]
  0x000001f1fcae0e50 JavaThread "Finalizer"                  daemon [_thread_blocked, id=11540, stack(0x0000005f7de00000,0x0000005f7df00000) (1024K)]
  0x000001f1fcae4cd0 JavaThread "Signal Dispatcher"          daemon [_thread_blocked, id=8412, stack(0x0000005f7df00000,0x0000005f7e000000) (1024K)]
  0x000001f1fcae5820 JavaThread "Attach Listener"            daemon [_thread_blocked, id=5544, stack(0x0000005f7e000000,0x0000005f7e100000) (1024K)]
  0x000001f1fcaeb390 JavaThread "Service Thread"             daemon [_thread_blocked, id=21472, stack(0x0000005f7e100000,0x0000005f7e200000) (1024K)]
  0x000001f1fcaebee0 JavaThread "Monitor Deflation Thread"   daemon [_thread_blocked, id=18348, stack(0x0000005f7e200000,0x0000005f7e300000) (1024K)]
=>0x000001f1fcaecd60 JavaThread "C2 CompilerThread0"         daemon [_thread_in_native, id=23680, stack(0x0000005f7e300000,0x0000005f7e400000) (1024K)]
  0x000001f1fcb015c0 JavaThread "C1 CompilerThread0"         daemon [_thread_in_native, id=15324, stack(0x0000005f7e400000,0x0000005f7e500000) (1024K)]
  0x000001f1c5259890 JavaThread "Notification Thread"        daemon [_thread_blocked, id=11612, stack(0x0000005f7e500000,0x0000005f7e600000) (1024K)]
  0x000001f1c5265ef0 JavaThread "Common-Cleaner"             daemon [_thread_blocked, id=21452, stack(0x0000005f7e600000,0x0000005f7e700000) (1024K)]
Total: 11

Other Threads:
  0x000001f1fcac5cb0 VMThread "VM Thread"                           [id=12724, stack(0x0000005f7dc00000,0x0000005f7dd00000) (1024K)]
  0x000001f1fcaa9870 WatcherThread "VM Periodic Task Thread"        [id=24084, stack(0x0000005f7db00000,0x0000005f7dc00000) (1024K)]
  0x000001f1e0cc06d0 WorkerThread "GC Thread#0"                     [id=19800, stack(0x0000005f7d600000,0x0000005f7d700000) (1024K)]
  0x000001f1e0cd0bc0 ConcurrentGCThread "G1 Main Marker"            [id=21348, stack(0x0000005f7d700000,0x0000005f7d800000) (1024K)]
  0x000001f1e0cd16d0 WorkerThread "G1 Conc#0"                       [id=7604, stack(0x0000005f7d800000,0x0000005f7d900000) (1024K)]
  0x000001f1fc979110 ConcurrentGCThread "G1 Refine#0"               [id=24208, stack(0x0000005f7d900000,0x0000005f7da00000) (1024K)]
  0x000001f1fc979d50 ConcurrentGCThread "G1 Service"                [id=3472, stack(0x0000005f7da00000,0x0000005f7db00000) (1024K)]
Total: 7

Threads with active compile tasks:
C2 CompilerThread0  1446  718       4       java.io.DataInputStream::readUTF (501 bytes)
C1 CompilerThread0  1447  742       3       java.net.URLStreamHandler::parseURL (1124 bytes)
Total: 2

VM state: not at safepoint (normal execution)

VM Mutex/Monitor currently owned by a thread: None

Heap address: 0x0000000085800000, size: 1960 MB, Compressed Oops mode: 32-bit

CDS archive(s) mapped at: [0x000001f180000000-0x000001f180c60000-0x000001f180c60000), size 12976128, SharedBaseAddress: 0x000001f180000000, ArchiveRelocationMode: 1.
Compressed class space mapped at: 0x000001f181000000-0x000001f1c1000000, reserved size: 1073741824
Narrow klass base: 0x000001f180000000, Narrow klass shift: 0, Narrow klass range: 0x41000000

GC Precious Log:
 CardTable entry size: 512
 Card Set container configuration: InlinePtr #cards 5 size 8 Array Of Cards #cards 12 size 40 Howl #buckets 4 coarsen threshold 1843 Howl Bitmap #cards 512 size 80 coarsen threshold 460 Card regions per heap region 1 cards per card region 2048
 CPUs: 4 total, 4 available
 Memory: 7834M
 Large Page Support: Disabled
 NUMA Support: Disabled
 Compressed Oops: Enabled (32-bit)
 Heap Region Size: 1M
 Heap Min Capacity: 8M
 Heap Initial Capacity: 124M
 Heap Max Capacity: 1960M
 Pre-touch: Disabled
 Parallel Workers: 4
 Concurrent Workers: 1
 Concurrent Refinement Workers: 4
 Periodic GC: Disabled

Heap:
 garbage-first heap   total reserved 2007040K, committed 126976K, used 8192K [0x0000000085800000, 0x0000000100000000)
  region size 1024K, 10 young (10240K), 0 survivors (0K)
 Metaspace       used 2228K, committed 2368K, reserved 1114112K
  class space    used 208K, committed 256K, reserved 1048576K

Heap Regions: E=young(eden), S=young(survivor), O=old, HS=humongous(starts), HC=humongous(continues), CS=collection set, F=free, TAMS=top-at-mark-start, PB=parsable bottom
|   0|0x0000000085800000, 0x0000000085800000, 0x0000000085900000|  0%| F|  |TAMS 0x0000000085800000| PB 0x0000000085800000| Untracked |  0
|   1|0x0000000085900000, 0x0000000085900000, 0x0000000085a00000|  0%| F|  |TAMS 0x0000000085900000| PB 0x0000000085900000| Untracked |  0
|   2|0x0000000085a00000, 0x0000000085a00000, 0x0000000085b00000|  0%| F|  |TAMS 0x0000000085a00000| PB 0x0000000085a00000| Untracked |  0
|   3|0x0000000085b00000, 0x0000000085b00000, 0x0000000085c00000|  0%| F|  |TAMS 0x0000000085b00000| PB 0x0000000085b00000| Untracked |  0
|   4|0x0000000085c00000, 0x0000000085c00000, 0x0000000085d00000|  0%| F|  |TAMS 0x0000000085c00000| PB 0x0000000085c00000| Untracked |  0
|   5|0x0000000085d00000, 0x0000000085d00000, 0x0000000085e00000|  0%| F|  |TAMS 0x0000000085d00000| PB 0x0000000085d00000| Untracked |  0
|   6|0x0000000085e00000, 0x0000000085e00000, 0x0000000085f00000|  0%| F|  |TAMS 0x0000000085e00000| PB 0x0000000085e00000| Untracked |  0
|   7|0x0000000085f00000, 0x0000000085f00000, 0x0000000086000000|  0%| F|  |TAMS 0x0000000085f00000| PB 0x0000000085f00000| Untracked |  0
|   8|0x0000000086000000, 0x0000000086000000, 0x0000000086100000|  0%| F|  |TAMS 0x0000000086000000| PB 0x0000000086000000| Untracked |  0
|   9|0x0000000086100000, 0x0000000086100000, 0x0000000086200000|  0%| F|  |TAMS 0x0000000086100000| PB 0x0000000086100000| Untracked |  0
|  10|0x0000000086200000, 0x0000000086200000, 0x0000000086300000|  0%| F|  |TAMS 0x0000000086200000| PB 0x0000000086200000| Untracked |  0
|  11|0x0000000086300000, 0x0000000086300000, 0x0000000086400000|  0%| F|  |TAMS 0x0000000086300000| PB 0x0000000086300000| Untracked |  0
|  12|0x0000000086400000, 0x0000000086400000, 0x0000000086500000|  0%| F|  |TAMS 0x0000000086400000| PB 0x0000000086400000| Untracked |  0
|  13|0x0000000086500000, 0x0000000086500000, 0x0000000086600000|  0%| F|  |TAMS 0x0000000086500000| PB 0x0000000086500000| Untracked |  0
|  14|0x0000000086600000, 0x0000000086600000, 0x0000000086700000|  0%| F|  |TAMS 0x0000000086600000| PB 0x0000000086600000| Untracked |  0
|  15|0x0000000086700000, 0x0000000086700000, 0x0000000086800000|  0%| F|  |TAMS 0x0000000086700000| PB 0x0000000086700000| Untracked |  0
|  16|0x0000000086800000, 0x0000000086800000, 0x0000000086900000|  0%| F|  |TAMS 0x0000000086800000| PB 0x0000000086800000| Untracked |  0
|  17|0x0000000086900000, 0x0000000086900000, 0x0000000086a00000|  0%| F|  |TAMS 0x0000000086900000| PB 0x0000000086900000| Untracked |  0
|  18|0x0000000086a00000, 0x0000000086a00000, 0x0000000086b00000|  0%| F|  |TAMS 0x0000000086a00000| PB 0x0000000086a00000| Untracked |  0
|  19|0x0000000086b00000, 0x0000000086b00000, 0x0000000086c00000|  0%| F|  |TAMS 0x0000000086b00000| PB 0x0000000086b00000| Untracked |  0
|  20|0x0000000086c00000, 0x0000000086c00000, 0x0000000086d00000|  0%| F|  |TAMS 0x0000000086c00000| PB 0x0000000086c00000| Untracked |  0
|  21|0x0000000086d00000, 0x0000000086d00000, 0x0000000086e00000|  0%| F|  |TAMS 0x0000000086d00000| PB 0x0000000086d00000| Untracked |  0
|  22|0x0000000086e00000, 0x0000000086e00000, 0x0000000086f00000|  0%| F|  |TAMS 0x0000000086e00000| PB 0x0000000086e00000| Untracked |  0
|  23|0x0000000086f00000, 0x0000000086f00000, 0x0000000087000000|  0%| F|  |TAMS 0x0000000086f00000| PB 0x0000000086f00000| Untracked |  0
|  24|0x0000000087000000, 0x0000000087000000, 0x0000000087100000|  0%| F|  |TAMS 0x0000000087000000| PB 0x0000000087000000| Untracked |  0
|  25|0x0000000087100000, 0x0000000087100000, 0x0000000087200000|  0%| F|  |TAMS 0x0000000087100000| PB 0x0000000087100000| Untracked |  0
|  26|0x0000000087200000, 0x0000000087200000, 0x0000000087300000|  0%| F|  |TAMS 0x0000000087200000| PB 0x0000000087200000| Untracked |  0
|  27|0x0000000087300000, 0x0000000087300000, 0x0000000087400000|  0%| F|  |TAMS 0x0000000087300000| PB 0x0000000087300000| Untracked |  0
|  28|0x0000000087400000, 0x0000000087400000, 0x0000000087500000|  0%| F|  |TAMS 0x0000000087400000| PB 0x0000000087400000| Untracked |  0
|  29|0x0000000087500000, 0x0000000087500000, 0x0000000087600000|  0%| F|  |TAMS 0x0000000087500000| PB 0x0000000087500000| Untracked |  0
|  30|0x0000000087600000, 0x0000000087600000, 0x0000000087700000|  0%| F|  |TAMS 0x0000000087600000| PB 0x0000000087600000| Untracked |  0
|  31|0x0000000087700000, 0x0000000087700000, 0x0000000087800000|  0%| F|  |TAMS 0x0000000087700000| PB 0x0000000087700000| Untracked |  0
|  32|0x0000000087800000, 0x0000000087800000, 0x0000000087900000|  0%| F|  |TAMS 0x0000000087800000| PB 0x0000000087800000| Untracked |  0
|  33|0x0000000087900000, 0x0000000087900000, 0x0000000087a00000|  0%| F|  |TAMS 0x0000000087900000| PB 0x0000000087900000| Untracked |  0
|  34|0x0000000087a00000, 0x0000000087a00000, 0x0000000087b00000|  0%| F|  |TAMS 0x0000000087a00000| PB 0x0000000087a00000| Untracked |  0
|  35|0x0000000087b00000, 0x0000000087b00000, 0x0000000087c00000|  0%| F|  |TAMS 0x0000000087b00000| PB 0x0000000087b00000| Untracked |  0
|  36|0x0000000087c00000, 0x0000000087c00000, 0x0000000087d00000|  0%| F|  |TAMS 0x0000000087c00000| PB 0x0000000087c00000| Untracked |  0
|  37|0x0000000087d00000, 0x0000000087d00000, 0x0000000087e00000|  0%| F|  |TAMS 0x0000000087d00000| PB 0x0000000087d00000| Untracked |  0
|  38|0x0000000087e00000, 0x0000000087e00000, 0x0000000087f00000|  0%| F|  |TAMS 0x0000000087e00000| PB 0x0000000087e00000| Untracked |  0
|  39|0x0000000087f00000, 0x0000000087f00000, 0x0000000088000000|  0%| F|  |TAMS 0x0000000087f00000| PB 0x0000000087f00000| Untracked |  0
|  40|0x0000000088000000, 0x0000000088000000, 0x0000000088100000|  0%| F|  |TAMS 0x0000000088000000| PB 0x0000000088000000| Untracked |  0
|  41|0x0000000088100000, 0x0000000088100000, 0x0000000088200000|  0%| F|  |TAMS 0x0000000088100000| PB 0x0000000088100000| Untracked |  0
|  42|0x0000000088200000, 0x0000000088200000, 0x0000000088300000|  0%| F|  |TAMS 0x0000000088200000| PB 0x0000000088200000| Untracked |  0
|  43|0x0000000088300000, 0x0000000088300000, 0x0000000088400000|  0%| F|  |TAMS 0x0000000088300000| PB 0x0000000088300000| Untracked |  0
|  44|0x0000000088400000, 0x0000000088400000, 0x0000000088500000|  0%| F|  |TAMS 0x0000000088400000| PB 0x0000000088400000| Untracked |  0
|  45|0x0000000088500000, 0x0000000088500000, 0x0000000088600000|  0%| F|  |TAMS 0x0000000088500000| PB 0x0000000088500000| Untracked |  0
|  46|0x0000000088600000, 0x0000000088600000, 0x0000000088700000|  0%| F|  |TAMS 0x0000000088600000| PB 0x0000000088600000| Untracked |  0
|  47|0x0000000088700000, 0x0000000088700000, 0x0000000088800000|  0%| F|  |TAMS 0x0000000088700000| PB 0x0000000088700000| Untracked |  0
|  48|0x0000000088800000, 0x0000000088800000, 0x0000000088900000|  0%| F|  |TAMS 0x0000000088800000| PB 0x0000000088800000| Untracked |  0
|  49|0x0000000088900000, 0x0000000088900000, 0x0000000088a00000|  0%| F|  |TAMS 0x0000000088900000| PB 0x0000000088900000| Untracked |  0
|  50|0x0000000088a00000, 0x0000000088a00000, 0x0000000088b00000|  0%| F|  |TAMS 0x0000000088a00000| PB 0x0000000088a00000| Untracked |  0
|  51|0x0000000088b00000, 0x0000000088b00000, 0x0000000088c00000|  0%| F|  |TAMS 0x0000000088b00000| PB 0x0000000088b00000| Untracked |  0
|  52|0x0000000088c00000, 0x0000000088c00000, 0x0000000088d00000|  0%| F|  |TAMS 0x0000000088c00000| PB 0x0000000088c00000| Untracked |  0
|  53|0x0000000088d00000, 0x0000000088d00000, 0x0000000088e00000|  0%| F|  |TAMS 0x0000000088d00000| PB 0x0000000088d00000| Untracked |  0
|  54|0x0000000088e00000, 0x0000000088e00000, 0x0000000088f00000|  0%| F|  |TAMS 0x0000000088e00000| PB 0x0000000088e00000| Untracked |  0
|  55|0x0000000088f00000, 0x0000000088f00000, 0x0000000089000000|  0%| F|  |TAMS 0x0000000088f00000| PB 0x0000000088f00000| Untracked |  0
|  56|0x0000000089000000, 0x0000000089000000, 0x0000000089100000|  0%| F|  |TAMS 0x0000000089000000| PB 0x0000000089000000| Untracked |  0
|  57|0x0000000089100000, 0x0000000089100000, 0x0000000089200000|  0%| F|  |TAMS 0x0000000089100000| PB 0x0000000089100000| Untracked |  0
|  58|0x0000000089200000, 0x0000000089200000, 0x0000000089300000|  0%| F|  |TAMS 0x0000000089200000| PB 0x0000000089200000| Untracked |  0
|  59|0x0000000089300000, 0x0000000089300000, 0x0000000089400000|  0%| F|  |TAMS 0x0000000089300000| PB 0x0000000089300000| Untracked |  0
|  60|0x0000000089400000, 0x0000000089400000, 0x0000000089500000|  0%| F|  |TAMS 0x0000000089400000| PB 0x0000000089400000| Untracked |  0
|  61|0x0000000089500000, 0x0000000089500000, 0x0000000089600000|  0%| F|  |TAMS 0x0000000089500000| PB 0x0000000089500000| Untracked |  0
|  62|0x0000000089600000, 0x0000000089600000, 0x0000000089700000|  0%| F|  |TAMS 0x0000000089600000| PB 0x0000000089600000| Untracked |  0
|  63|0x0000000089700000, 0x0000000089700000, 0x0000000089800000|  0%| F|  |TAMS 0x0000000089700000| PB 0x0000000089700000| Untracked |  0
|  64|0x0000000089800000, 0x0000000089800000, 0x0000000089900000|  0%| F|  |TAMS 0x0000000089800000| PB 0x0000000089800000| Untracked |  0
|  65|0x0000000089900000, 0x0000000089900000, 0x0000000089a00000|  0%| F|  |TAMS 0x0000000089900000| PB 0x0000000089900000| Untracked |  0
|  66|0x0000000089a00000, 0x0000000089a00000, 0x0000000089b00000|  0%| F|  |TAMS 0x0000000089a00000| PB 0x0000000089a00000| Untracked |  0
|  67|0x0000000089b00000, 0x0000000089b00000, 0x0000000089c00000|  0%| F|  |TAMS 0x0000000089b00000| PB 0x0000000089b00000| Untracked |  0
|  68|0x0000000089c00000, 0x0000000089c00000, 0x0000000089d00000|  0%| F|  |TAMS 0x0000000089c00000| PB 0x0000000089c00000| Untracked |  0
|  69|0x0000000089d00000, 0x0000000089d00000, 0x0000000089e00000|  0%| F|  |TAMS 0x0000000089d00000| PB 0x0000000089d00000| Untracked |  0
|  70|0x0000000089e00000, 0x0000000089e00000, 0x0000000089f00000|  0%| F|  |TAMS 0x0000000089e00000| PB 0x0000000089e00000| Untracked |  0
|  71|0x0000000089f00000, 0x0000000089f00000, 0x000000008a000000|  0%| F|  |TAMS 0x0000000089f00000| PB 0x0000000089f00000| Untracked |  0
|  72|0x000000008a000000, 0x000000008a000000, 0x000000008a100000|  0%| F|  |TAMS 0x000000008a000000| PB 0x000000008a000000| Untracked |  0
|  73|0x000000008a100000, 0x000000008a100000, 0x000000008a200000|  0%| F|  |TAMS 0x000000008a100000| PB 0x000000008a100000| Untracked |  0
|  74|0x000000008a200000, 0x000000008a200000, 0x000000008a300000|  0%| F|  |TAMS 0x000000008a200000| PB 0x000000008a200000| Untracked |  0
|  75|0x000000008a300000, 0x000000008a300000, 0x000000008a400000|  0%| F|  |TAMS 0x000000008a300000| PB 0x000000008a300000| Untracked |  0
|  76|0x000000008a400000, 0x000000008a400000, 0x000000008a500000|  0%| F|  |TAMS 0x000000008a400000| PB 0x000000008a400000| Untracked |  0
|  77|0x000000008a500000, 0x000000008a500000, 0x000000008a600000|  0%| F|  |TAMS 0x000000008a500000| PB 0x000000008a500000| Untracked |  0
|  78|0x000000008a600000, 0x000000008a600000, 0x000000008a700000|  0%| F|  |TAMS 0x000000008a600000| PB 0x000000008a600000| Untracked |  0
|  79|0x000000008a700000, 0x000000008a700000, 0x000000008a800000|  0%| F|  |TAMS 0x000000008a700000| PB 0x000000008a700000| Untracked |  0
|  80|0x000000008a800000, 0x000000008a800000, 0x000000008a900000|  0%| F|  |TAMS 0x000000008a800000| PB 0x000000008a800000| Untracked |  0
|  81|0x000000008a900000, 0x000000008a900000, 0x000000008aa00000|  0%| F|  |TAMS 0x000000008a900000| PB 0x000000008a900000| Untracked |  0
|  82|0x000000008aa00000, 0x000000008aa00000, 0x000000008ab00000|  0%| F|  |TAMS 0x000000008aa00000| PB 0x000000008aa00000| Untracked |  0
|  83|0x000000008ab00000, 0x000000008ab00000, 0x000000008ac00000|  0%| F|  |TAMS 0x000000008ab00000| PB 0x000000008ab00000| Untracked |  0
|  84|0x000000008ac00000, 0x000000008ac00000, 0x000000008ad00000|  0%| F|  |TAMS 0x000000008ac00000| PB 0x000000008ac00000| Untracked |  0
|  85|0x000000008ad00000, 0x000000008ad00000, 0x000000008ae00000|  0%| F|  |TAMS 0x000000008ad00000| PB 0x000000008ad00000| Untracked |  0
|  86|0x000000008ae00000, 0x000000008ae00000, 0x000000008af00000|  0%| F|  |TAMS 0x000000008ae00000| PB 0x000000008ae00000| Untracked |  0
|  87|0x000000008af00000, 0x000000008af00000, 0x000000008b000000|  0%| F|  |TAMS 0x000000008af00000| PB 0x000000008af00000| Untracked |  0
|  88|0x000000008b000000, 0x000000008b000000, 0x000000008b100000|  0%| F|  |TAMS 0x000000008b000000| PB 0x000000008b000000| Untracked |  0
|  89|0x000000008b100000, 0x000000008b100000, 0x000000008b200000|  0%| F|  |TAMS 0x000000008b100000| PB 0x000000008b100000| Untracked |  0
|  90|0x000000008b200000, 0x000000008b200000, 0x000000008b300000|  0%| F|  |TAMS 0x000000008b200000| PB 0x000000008b200000| Untracked |  0
|  91|0x000000008b300000, 0x000000008b300000, 0x000000008b400000|  0%| F|  |TAMS 0x000000008b300000| PB 0x000000008b300000| Untracked |  0
|  92|0x000000008b400000, 0x000000008b400000, 0x000000008b500000|  0%| F|  |TAMS 0x000000008b400000| PB 0x000000008b400000| Untracked |  0
|  93|0x000000008b500000, 0x000000008b500000, 0x000000008b600000|  0%| F|  |TAMS 0x000000008b500000| PB 0x000000008b500000| Untracked |  0
|  94|0x000000008b600000, 0x000000008b600000, 0x000000008b700000|  0%| F|  |TAMS 0x000000008b600000| PB 0x000000008b600000| Untracked |  0
|  95|0x000000008b700000, 0x000000008b700000, 0x000000008b800000|  0%| F|  |TAMS 0x000000008b700000| PB 0x000000008b700000| Untracked |  0
|  96|0x000000008b800000, 0x000000008b800000, 0x000000008b900000|  0%| F|  |TAMS 0x000000008b800000| PB 0x000000008b800000| Untracked |  0
|  97|0x000000008b900000, 0x000000008b900000, 0x000000008ba00000|  0%| F|  |TAMS 0x000000008b900000| PB 0x000000008b900000| Untracked |  0
|  98|0x000000008ba00000, 0x000000008ba00000, 0x000000008bb00000|  0%| F|  |TAMS 0x000000008ba00000| PB 0x000000008ba00000| Untracked |  0
|  99|0x000000008bb00000, 0x000000008bb00000, 0x000000008bc00000|  0%| F|  |TAMS 0x000000008bb00000| PB 0x000000008bb00000| Untracked |  0
| 100|0x000000008bc00000, 0x000000008bc00000, 0x000000008bd00000|  0%| F|  |TAMS 0x000000008bc00000| PB 0x000000008bc00000| Untracked |  0
| 101|0x000000008bd00000, 0x000000008bd00000, 0x000000008be00000|  0%| F|  |TAMS 0x000000008bd00000| PB 0x000000008bd00000| Untracked |  0
| 102|0x000000008be00000, 0x000000008be00000, 0x000000008bf00000|  0%| F|  |TAMS 0x000000008be00000| PB 0x000000008be00000| Untracked |  0
| 103|0x000000008bf00000, 0x000000008bf00000, 0x000000008c000000|  0%| F|  |TAMS 0x000000008bf00000| PB 0x000000008bf00000| Untracked |  0
| 104|0x000000008c000000, 0x000000008c000000, 0x000000008c100000|  0%| F|  |TAMS 0x000000008c000000| PB 0x000000008c000000| Untracked |  0
| 105|0x000000008c100000, 0x000000008c100000, 0x000000008c200000|  0%| F|  |TAMS 0x000000008c100000| PB 0x000000008c100000| Untracked |  0
| 106|0x000000008c200000, 0x000000008c200000, 0x000000008c300000|  0%| F|  |TAMS 0x000000008c200000| PB 0x000000008c200000| Untracked |  0
| 107|0x000000008c300000, 0x000000008c300000, 0x000000008c400000|  0%| F|  |TAMS 0x000000008c300000| PB 0x000000008c300000| Untracked |  0
| 108|0x000000008c400000, 0x000000008c400000, 0x000000008c500000|  0%| F|  |TAMS 0x000000008c400000| PB 0x000000008c400000| Untracked |  0
| 109|0x000000008c500000, 0x000000008c500000, 0x000000008c600000|  0%| F|  |TAMS 0x000000008c500000| PB 0x000000008c500000| Untracked |  0
| 110|0x000000008c600000, 0x000000008c600000, 0x000000008c700000|  0%| F|  |TAMS 0x000000008c600000| PB 0x000000008c600000| Untracked |  0
| 111|0x000000008c700000, 0x000000008c700000, 0x000000008c800000|  0%| F|  |TAMS 0x000000008c700000| PB 0x000000008c700000| Untracked |  0
| 112|0x000000008c800000, 0x000000008c800000, 0x000000008c900000|  0%| F|  |TAMS 0x000000008c800000| PB 0x000000008c800000| Untracked |  0
| 113|0x000000008c900000, 0x000000008c900000, 0x000000008ca00000|  0%| F|  |TAMS 0x000000008c900000| PB 0x000000008c900000| Untracked |  0
| 114|0x000000008ca00000, 0x000000008ca47b70, 0x000000008cb00000| 28%| E|  |TAMS 0x000000008ca00000| PB 0x000000008ca00000| Complete |  0
| 115|0x000000008cb00000, 0x000000008cc00000, 0x000000008cc00000|100%| E|CS|TAMS 0x000000008cb00000| PB 0x000000008cb00000| Complete |  0
| 116|0x000000008cc00000, 0x000000008cd00000, 0x000000008cd00000|100%| E|CS|TAMS 0x000000008cc00000| PB 0x000000008cc00000| Complete |  0
| 117|0x000000008cd00000, 0x000000008ce00000, 0x000000008ce00000|100%| E|CS|TAMS 0x000000008cd00000| PB 0x000000008cd00000| Complete |  0
| 118|0x000000008ce00000, 0x000000008cf00000, 0x000000008cf00000|100%| E|CS|TAMS 0x000000008ce00000| PB 0x000000008ce00000| Complete |  0
| 119|0x000000008cf00000, 0x000000008d000000, 0x000000008d000000|100%| E|CS|TAMS 0x000000008cf00000| PB 0x000000008cf00000| Complete |  0
| 120|0x000000008d000000, 0x000000008d100000, 0x000000008d100000|100%| E|  |TAMS 0x000000008d000000| PB 0x000000008d000000| Complete |  0
| 121|0x000000008d100000, 0x000000008d200000, 0x000000008d200000|100%| E|CS|TAMS 0x000000008d100000| PB 0x000000008d100000| Complete |  0
| 122|0x000000008d200000, 0x000000008d300000, 0x000000008d300000|100%| E|CS|TAMS 0x000000008d200000| PB 0x000000008d200000| Complete |  0
| 123|0x000000008d300000, 0x000000008d400000, 0x000000008d400000|100%| E|CS|TAMS 0x000000008d300000| PB 0x000000008d300000| Complete |  0

Card table byte_map: [0x000001f1f8390000,0x000001f1f8770000] _byte_map_base: 0x000001f1f7f64000

Marking Bits: (CMBitMap*) 0x000001f1e0cc0de0
 Bits: [0x000001f1f8770000, 0x000001f1fa610000)

Polling page: 0x000001f1deb20000

Metaspace:

Usage:
  Non-class:      1.97 MB used.
      Class:    208.68 KB used.
       Both:      2.18 MB used.

Virtual space:
  Non-class space:       64.00 MB reserved,       2.06 MB (  3%) committed,  1 nodes.
      Class space:        1.00 GB reserved,     256.00 KB ( <1%) committed,  1 nodes.
             Both:        1.06 GB reserved,       2.31 MB ( <1%) committed. 

Chunk freelists:
   Non-Class:  11.44 MB
       Class:  15.64 MB
        Both:  27.08 MB

MaxMetaspaceSize: unlimited
CompressedClassSpaceSize: 1.00 GB
Initial GC threshold: 21.00 MB
Current GC threshold: 21.00 MB
CDS: on
 - commit_granule_bytes: 65536.
 - commit_granule_words: 8192.
 - virtual_space_node_default_size: 8388608.
 - enlarge_chunks_in_place: 1.
 - use_allocation_guard: 0.


Internal statistics:

num_allocs_failed_limit: 0.
num_arena_births: 76.
num_arena_deaths: 0.
num_vsnodes_births: 2.
num_vsnodes_deaths: 0.
num_space_committed: 37.
num_space_uncommitted: 0.
num_chunks_returned_to_freelist: 0.
num_chunks_taken_from_freelist: 138.
num_chunk_merges: 0.
num_chunk_splits: 73.
num_chunks_enlarged: 18.
num_inconsistent_stats: 0.

CodeHeap 'non-profiled nmethods': size=120000Kb used=251Kb max_used=251Kb free=119749Kb
 bounds [0x000001f1f0a80000, 0x000001f1f0cf0000, 0x000001f1f7fb0000]
CodeHeap 'profiled nmethods': size=120000Kb used=1143Kb max_used=1143Kb free=118856Kb
 bounds [0x000001f1e8fb0000, 0x000001f1e9220000, 0x000001f1f04e0000]
CodeHeap 'non-nmethods': size=5760Kb used=1488Kb max_used=1491Kb free=4271Kb
 bounds [0x000001f1f04e0000, 0x000001f1f0750000, 0x000001f1f0a80000]
 total_blobs=1197 nmethods=738 adapters=364
 compilation: enabled
              stopped_count=0, restarted_count=0
 full_count=0

Compilation events (20 events):
Event: 1.330 Thread 0x000001f1fcb015c0  725       3       java.util.Arrays$ArrayItr::next (36 bytes)
Event: 1.330 Thread 0x000001f1fcb015c0 nmethod 725 0x000001f1e90c8010 code [0x000001f1e90c81c0, 0x000001f1e90c83b0]
Event: 1.331 Thread 0x000001f1fcb015c0  726       3       java.util.HashMap$HashIterator::hasNext (13 bytes)
Event: 1.331 Thread 0x000001f1fcb015c0 nmethod 726 0x000001f1e90c8490 code [0x000001f1e90c8620, 0x000001f1e90c8780]
Event: 1.331 Thread 0x000001f1fcb015c0  727       3       java.util.HashMap$HashIterator::nextNode (100 bytes)
Event: 1.331 Thread 0x000001f1fcb015c0 nmethod 727 0x000001f1e90c8810 code [0x000001f1e90c8a00, 0x000001f1e90c8ef8]
Event: 1.331 Thread 0x000001f1fcb015c0  728       3       java.util.HashMap$KeyIterator::next (8 bytes)
Event: 1.331 Thread 0x000001f1fcb015c0 nmethod 728 0x000001f1e90c9090 code [0x000001f1e90c9240, 0x000001f1e90c9380]
Event: 1.332 Thread 0x000001f1fcb015c0  729       3       java.util.concurrent.ConcurrentHashMap$KeyIterator::next (34 bytes)
Event: 1.332 Thread 0x000001f1fcb015c0 nmethod 729 0x000001f1e90c9490 code [0x000001f1e90c9660, 0x000001f1e90c98c8]
Event: 1.332 Thread 0x000001f1fcb015c0  730       3       jdk.internal.jimage.ImageStringsReader::match (11 bytes)
Event: 1.332 Thread 0x000001f1fcb015c0 nmethod 730 0x000001f1e90c9a10 code [0x000001f1e90c9bc0, 0x000001f1e90c9d90]
Event: 1.332 Thread 0x000001f1fcb015c0  732       3       jdk.internal.jimage.ImageReader::verifyLocation (14 bytes)
Event: 1.332 Thread 0x000001f1fcb015c0 nmethod 732 0x000001f1e90c9e90 code [0x000001f1e90ca060, 0x000001f1e90ca3b8]
Event: 1.332 Thread 0x000001f1fcb015c0  733       3       jdk.internal.jimage.BasicImageReader::verifyLocation (39 bytes)
Event: 1.333 Thread 0x000001f1fcb015c0 nmethod 733 0x000001f1e90ca510 code [0x000001f1e90ca6e0, 0x000001f1e90ca9b8]
Event: 1.333 Thread 0x000001f1fcb015c0  731       3       jdk.internal.jimage.BasicImageReader::match (37 bytes)
Event: 1.333 Thread 0x000001f1fcb015c0 nmethod 731 0x000001f1e90cab10 code [0x000001f1e90cace0, 0x000001f1e90caf88]
Event: 1.333 Thread 0x000001f1fcb015c0  734       3       sun.net.util.IPAddressUtil::scan (62 bytes)
Event: 1.333 Thread 0x000001f1fcb015c0 nmethod 734 0x000001f1e90cb090 code [0x000001f1e90cb2c0, 0x000001f1e90cbb80]

GC Heap History (0 events):
No events

Dll operation events (6 events):
Event: 0.051 Loaded shared library C:\Program Files\Java\jdk-22\bin\java.dll
Event: 0.174 Loaded shared library C:\Program Files\Java\jdk-22\bin\jsvml.dll
Event: 0.355 Loaded shared library C:\Program Files\Java\jdk-22\bin\net.dll
Event: 0.359 Loaded shared library C:\Program Files\Java\jdk-22\bin\nio.dll
Event: 0.367 Loaded shared library C:\Program Files\Java\jdk-22\bin\zip.dll
Event: 0.588 Loaded shared library C:\Program Files\Java\jdk-22\bin\jimage.dll

Deoptimization events (20 events):
Event: 0.997 Thread 0x000001f1deb6cb00 Uncommon trap: trap_request=0xffffff45 fr.pc=0x000001f1f0a98e70 relative=0x0000000000000070
Event: 0.997 Thread 0x000001f1deb6cb00 Uncommon trap: reason=unstable_if action=reinterpret pc=0x000001f1f0a98e70 method=java.io.WinNTFileSystem.isSlash(C)Z @ 9 c2
Event: 0.997 Thread 0x000001f1deb6cb00 DEOPT PACKING pc=0x000001f1f0a98e70 sp=0x0000005f7d5fdfe0
Event: 0.997 Thread 0x000001f1deb6cb00 DEOPT UNPACKING pc=0x000001f1f0537da2 sp=0x0000005f7d5fdf68 mode 2
Event: 1.004 Thread 0x000001f1deb6cb00 DEOPT PACKING pc=0x000001f1e900d9da sp=0x0000005f7d5fd410
Event: 1.004 Thread 0x000001f1deb6cb00 DEOPT UNPACKING pc=0x000001f1f05388e2 sp=0x0000005f7d5fc8a0 mode 0
Event: 1.007 Thread 0x000001f1deb6cb00 DEOPT PACKING pc=0x000001f1e900d9da sp=0x0000005f7d5f9cb0
Event: 1.007 Thread 0x000001f1deb6cb00 DEOPT UNPACKING pc=0x000001f1f05388e2 sp=0x0000005f7d5f9140 mode 0
Event: 1.007 Thread 0x000001f1deb6cb00 DEOPT PACKING pc=0x000001f1e900d9da sp=0x0000005f7d5f9cb0
Event: 1.007 Thread 0x000001f1deb6cb00 DEOPT UNPACKING pc=0x000001f1f05388e2 sp=0x0000005f7d5f9140 mode 0
Event: 1.148 Thread 0x000001f1deb6cb00 Uncommon trap: trap_request=0xffffff6e fr.pc=0x000001f1f0aa4ba0 relative=0x0000000000000180
Event: 1.148 Thread 0x000001f1deb6cb00 Uncommon trap: reason=loop_limit_check action=maybe_recompile pc=0x000001f1f0aa4ba0 method=java.lang.StringLatin1.lastIndexOf([BII)I @ 19 c2
Event: 1.148 Thread 0x000001f1deb6cb00 DEOPT PACKING pc=0x000001f1f0aa4ba0 sp=0x0000005f7d5fd0d0
Event: 1.148 Thread 0x000001f1deb6cb00 DEOPT UNPACKING pc=0x000001f1f0537da2 sp=0x0000005f7d5fd050 mode 2
Event: 1.218 Thread 0x000001f1deb6cb00 DEOPT PACKING pc=0x000001f1e8fe14a5 sp=0x0000005f7d5fd190
Event: 1.218 Thread 0x000001f1deb6cb00 DEOPT UNPACKING pc=0x000001f1f05388e2 sp=0x0000005f7d5fc5e0 mode 0
Event: 1.270 Thread 0x000001f1deb6cb00 Uncommon trap: trap_request=0xffffff6e fr.pc=0x000001f1f0aaf3f0 relative=0x0000000000000430
Event: 1.270 Thread 0x000001f1deb6cb00 Uncommon trap: reason=loop_limit_check action=maybe_recompile pc=0x000001f1f0aaf3f0 method=java.lang.StringLatin1.indexOf([BI[BII)I @ 37 c2
Event: 1.270 Thread 0x000001f1deb6cb00 DEOPT PACKING pc=0x000001f1f0aaf3f0 sp=0x0000005f7d5fe0d0
Event: 1.270 Thread 0x000001f1deb6cb00 DEOPT UNPACKING pc=0x000001f1f0537da2 sp=0x0000005f7d5fe030 mode 2

Classes loaded (20 events):
Event: 1.252 Loading class java/net/MalformedURLException
Event: 1.252 Loading class java/net/MalformedURLException done
Event: 1.284 Loading class java/util/concurrent/atomic/AtomicBoolean
Event: 1.284 Loading class java/util/concurrent/atomic/AtomicBoolean done
Event: 1.285 Loading class java/lang/invoke/VarHandleInts$FieldInstanceReadWrite
Event: 1.285 Loading class java/lang/invoke/VarHandleInts$FieldInstanceReadOnly
Event: 1.285 Loading class java/lang/invoke/VarHandleInts$FieldInstanceReadOnly done
Event: 1.285 Loading class java/lang/invoke/VarHandleInts$FieldInstanceReadWrite done
Event: 1.322 Loading class java/time/zone/ZoneRulesProvider
Event: 1.322 Loading class java/time/zone/ZoneRulesProvider done
Event: 1.322 Loading class java/time/zone/ZoneRulesProvider$1
Event: 1.323 Loading class java/time/zone/ZoneRulesProvider$1 done
Event: 1.323 Loading class java/time/zone/TzdbZoneRulesProvider
Event: 1.323 Loading class java/time/zone/TzdbZoneRulesProvider done
Event: 1.329 Loading class java/util/Arrays$ArrayItr
Event: 1.330 Loading class java/util/Arrays$ArrayItr done
Event: 1.333 Loading class java/time/zone/Ser
Event: 1.343 Loading class java/io/Externalizable
Event: 1.343 Loading class java/io/Externalizable done
Event: 1.343 Loading class java/time/zone/Ser done

Classes unloaded (0 events):
No events

Classes redefined (0 events):
No events

Internal exceptions (4 events):
Event: 1.158 Thread 0x000001f1deb6cb00 Exception <a 'java/lang/ClassNotFoundException'{0x000000008cc85630}: javax/smartcardio/CardPermission> (0x000000008cc85630) 
thrown [s\open\src\hotspot\share\classfile\systemDictionary.cpp, line 313]
Event: 1.180 Thread 0x000001f1deb6cb00 Exception <a 'java/io/FileNotFoundException'{0x000000008cc8f828}> (0x000000008cc8f828) 
thrown [s\open\src\hotspot\share\prims\jni.cpp, line 520]
Event: 1.249 Thread 0x000001f1deb6cb00 Exception <a 'java/lang/NoSuchMethodError'{0x000000008cb2db40}: 'java.lang.Object java.lang.invoke.DirectMethodHandle$Holder.invokeSpecial(java.lang.Object, java.lang.Object, java.lang.Object, long, java.lang.Object)'> (0x000000008cb2db40) 
thrown [s\open\src\hotspot\share\interpreter\linkResolver.cpp, line 774]
Event: 1.250 Thread 0x000001f1deb6cb00 Exception <a 'java/lang/NoSuchMethodError'{0x000000008cb314a0}: 'java.lang.Object java.lang.invoke.Invokers$Holder.linkToTargetMethod(java.lang.Object, long, java.lang.Object, java.lang.Object)'> (0x000000008cb314a0) 
thrown [s\open\src\hotspot\share\interpreter\linkResolver.cpp, line 774]

ZGC Phase Switch (0 events):
No events

VM Operations (4 events):
Event: 0.390 Executing VM operation: HandshakeAllThreads (Deoptimize)
Event: 0.391 Executing VM operation: HandshakeAllThreads (Deoptimize) done
Event: 0.997 Executing VM operation: HandshakeAllThreads (Deoptimize)
Event: 0.997 Executing VM operation: HandshakeAllThreads (Deoptimize) done

Memory protections (0 events):
No events

Nmethod flushes (0 events):
No events

Events (11 events):
Event: 0.104 Thread 0x000001f1deb6cb00 Thread added: 0x000001f1deb6cb00
Event: 0.163 Thread 0x000001f1deb6cb00 Thread added: 0x000001f1fcadfe90
Event: 0.164 Thread 0x000001f1deb6cb00 Thread added: 0x000001f1fcae0e50
Event: 0.165 Thread 0x000001f1deb6cb00 Thread added: 0x000001f1fcae4cd0
Event: 0.165 Thread 0x000001f1deb6cb00 Thread added: 0x000001f1fcae5820
Event: 0.166 Thread 0x000001f1deb6cb00 Thread added: 0x000001f1fcaeb390
Event: 0.166 Thread 0x000001f1deb6cb00 Thread added: 0x000001f1fcaebee0
Event: 0.166 Thread 0x000001f1deb6cb00 Thread added: 0x000001f1fcaecd60
Event: 0.169 Thread 0x000001f1deb6cb00 Thread added: 0x000001f1fcb015c0
Event: 0.315 Thread 0x000001f1deb6cb00 Thread added: 0x000001f1c5259890
Event: 0.332 Thread 0x000001f1deb6cb00 Thread added: 0x000001f1c5265ef0


Dynamic libraries:
0x00007ff795730000 - 0x00007ff795740000 	C:\Program Files\Java\jdk-22\bin\java.exe
0x00007ff856d30000 - 0x00007ff856f47000 	C:\WINDOWS\SYSTEM32\ntdll.dll
0x00007ff855640000 - 0x00007ff855704000 	C:\WINDOWS\System32\KERNEL32.DLL
0x00007ff8540e0000 - 0x00007ff854497000 	C:\WINDOWS\System32\KERNELBASE.dll
0x00007ff8544a0000 - 0x00007ff8545b1000 	C:\WINDOWS\System32\ucrtbase.dll
0x00007ff850d40000 - 0x00007ff850d5b000 	C:\Program Files\Java\jdk-22\bin\VCRUNTIME140.dll
0x00007ff84e170000 - 0x00007ff84e187000 	C:\Program Files\Java\jdk-22\bin\jli.dll
0x00007ff8551f0000 - 0x00007ff85539f000 	C:\WINDOWS\System32\USER32.dll
0x00007ff854040000 - 0x00007ff854066000 	C:\WINDOWS\System32\win32u.dll
0x00007ff8550f0000 - 0x00007ff855119000 	C:\WINDOWS\System32\GDI32.dll
0x00007ff8545c0000 - 0x00007ff8546d8000 	C:\WINDOWS\System32\gdi32full.dll
0x00007ff8547d0000 - 0x00007ff85486a000 	C:\WINDOWS\System32\msvcp_win.dll
0x00007ff834f20000 - 0x00007ff8351b3000 	C:\WINDOWS\WinSxS\amd64_microsoft.windows.common-controls_6595b64144ccf1df_6.0.22621.3672_none_2713b9d173822955\COMCTL32.dll
0x00007ff856050000 - 0x00007ff8560f7000 	C:\WINDOWS\System32\msvcrt.dll
0x00007ff855490000 - 0x00007ff8554c1000 	C:\WINDOWS\System32\IMM32.DLL
0x00007ff84e160000 - 0x00007ff84e16c000 	C:\Program Files\Java\jdk-22\bin\vcruntime140_1.dll
0x00007ff82ece0000 - 0x00007ff82ed6e000 	C:\Program Files\Java\jdk-22\bin\msvcp140.dll
0x00007ff80a580000 - 0x00007ff80b2c9000 	C:\Program Files\Java\jdk-22\bin\server\jvm.dll
0x00007ff855120000 - 0x00007ff8551d2000 	C:\WINDOWS\System32\ADVAPI32.dll
0x00007ff856110000 - 0x00007ff8561b8000 	C:\WINDOWS\System32\sechost.dll
0x00007ff8546e0000 - 0x00007ff854708000 	C:\WINDOWS\System32\bcrypt.dll
0x00007ff854fd0000 - 0x00007ff8550e4000 	C:\WINDOWS\System32\RPCRT4.dll
0x00007ff8554d0000 - 0x00007ff855541000 	C:\WINDOWS\System32\WS2_32.dll
0x00007ff853d60000 - 0x00007ff853dad000 	C:\WINDOWS\SYSTEM32\POWRPROF.dll
0x00007ff84cf70000 - 0x00007ff84cfa4000 	C:\WINDOWS\SYSTEM32\WINMM.dll
0x00007ff845c50000 - 0x00007ff845c5a000 	C:\WINDOWS\SYSTEM32\VERSION.dll
0x00007ff853d40000 - 0x00007ff853d53000 	C:\WINDOWS\SYSTEM32\UMPDC.dll
0x00007ff853070000 - 0x00007ff853088000 	C:\WINDOWS\SYSTEM32\kernel.appcore.dll
0x00007ff84e140000 - 0x00007ff84e14a000 	C:\Program Files\Java\jdk-22\bin\jimage.dll
0x00007ff8518b0000 - 0x00007ff851ae2000 	C:\WINDOWS\SYSTEM32\DBGHELP.DLL
0x00007ff856380000 - 0x00007ff85670e000 	C:\WINDOWS\System32\combase.dll
0x00007ff854df0000 - 0x00007ff854ec7000 	C:\WINDOWS\System32\OLEAUT32.dll
0x00007ff821f80000 - 0x00007ff821fb2000 	C:\WINDOWS\SYSTEM32\dbgcore.DLL
0x00007ff8549e0000 - 0x00007ff854a5b000 	C:\WINDOWS\System32\bcryptPrimitives.dll
0x00007ff84bff0000 - 0x00007ff84c00e000 	C:\Program Files\Java\jdk-22\bin\java.dll
0x00007ff8557e0000 - 0x00007ff856049000 	C:\WINDOWS\System32\SHELL32.dll
0x00007ff8561d0000 - 0x00007ff856375000 	C:\WINDOWS\System32\ole32.dll
0x00007ff851f60000 - 0x00007ff85285f000 	C:\WINDOWS\SYSTEM32\windows.storage.dll
0x00007ff851e20000 - 0x00007ff851f5f000 	C:\WINDOWS\SYSTEM32\wintypes.dll
0x00007ff854ed0000 - 0x00007ff854fc9000 	C:\WINDOWS\System32\SHCORE.dll
0x00007ff8553a0000 - 0x00007ff8553fe000 	C:\WINDOWS\System32\shlwapi.dll
0x00007ff853f70000 - 0x00007ff853f97000 	C:\WINDOWS\SYSTEM32\profapi.dll
0x00007ff817090000 - 0x00007ff817167000 	C:\Program Files\Java\jdk-22\bin\jsvml.dll
0x00007ff84d220000 - 0x00007ff84d230000 	C:\Program Files\Java\jdk-22\bin\net.dll
0x00007ff853500000 - 0x00007ff853569000 	C:\WINDOWS\system32\mswsock.dll
0x00007ff84bfd0000 - 0x00007ff84bfe6000 	C:\Program Files\Java\jdk-22\bin\nio.dll
0x00007ff84bfb0000 - 0x00007ff84bfc7000 	C:\Program Files\Java\jdk-22\bin\zip.dll

dbghelp: loaded successfully - version: 4.0.5 - missing functions: none
symbol engine: initialized successfully - sym options: 0x614 - pdb path: .;C:\Program Files\Java\jdk-22\bin;C:\WINDOWS\SYSTEM32;C:\WINDOWS\WinSxS\amd64_microsoft.windows.common-controls_6595b64144ccf1df_6.0.22621.3672_none_2713b9d173822955;C:\Program Files\Java\jdk-22\bin\server

VM Arguments:
jvm_args: -Dfile.encoding=UTF-8 -Duser.country=FR -Duser.language=fr -Duser.variant 
java_command: Main
java_class_path (initial): C:\Users\Fred\Documents\GitHub\KafkaProject\build\classes\java\main;C:\Users\Fred\Documents\GitHub\KafkaProject\build\resources\main;C:\Users\Fred\.gradle\caches\modules-2\files-2.1\org.springframework.boot\spring-boot-starter-actuator\3.3.5\cb9256a44af4e67d60f4245c3d0a085ff359788d\spring-boot-starter-actuator-3.3.5.jar;C:\Users\Fred\.gradle\caches\modules-2\files-2.1\org.springframework.boot\spring-boot-starter-web\3.3.5\51cc6cd5fb15f4eecfadea4ac689ed290e65c2cc\spring-boot-starter-web-3.3.5.jar;C:\Users\Fred\.gradle\caches\modules-2\files-2.1\org.springframework.boot\spring-boot-starter-thymeleaf\3.3.5\5fa47cb90c1ff87b9273fcf01b56bff77810077e\spring-boot-starter-thymeleaf-3.3.5.jar;C:\Users\Fred\.gradle\caches\modules-2\files-2.1\org.springframework.boot\spring-boot-starter-json\3.3.5\a92dd0bc808c9de278bc62bc37db4e409027657a\spring-boot-starter-json-3.3.5.jar;C:\Users\Fred\.gradle\caches\modules-2\files-2.1\org.springframework.boot\spring-boot-starter\3.3.5\16b7a9acf1918a8f763e871ada3794e9ffd4a980\spring-boot-starter-3.3.5.jar;C:\Users\Fred\.gradle\caches\modules-2\files-2.1\org.springframework.kafka\spring-kafka\3.2.4\88e6cfe1d3a4368723ca34d61e9f7dc7c57f7f55\spring-kafka-3.2.4.jar;C:\Users\Fred\.gradle\caches\modules-2\files-2.1\org.apache.kafka\kafka-clients\3.5.0\54e4beeb4dac3892f5c6cc4141019bb29835acc7\kafka-clients-3.5.0.jar;C:\Users\Fred\.gradle\caches\modules-2\files-2.1\jakarta.validation\jakarta.validation-api\3.0.2\92b6631659ba35ca09e44874d3eb936edfeee532\jakarta.validation-api-3.0.2.jar;C:\Users\Fred\.gradle\caches\modules-2\files-2.1\org.springframework.boot\spring-boot-actuator-autoconfigure\3.3.5\8617ea7b29a74350ce526444e193cfca4c06854d\spring-boot-actuator-autoconfigure-3.3.5.jar;C:\Users\Fred\.gradle\caches\modules-2\files-2.1\org.springframework.boot\spring-boot-autoconfigure\3.3.5\1efbbd46eeef054986796200313f4bb0d53a7268\spring-boot-autoconfigure-3.3.5.jar;C:\Users\Fred\.gradle\caches\modules-2\files-2.1\org.springframework.boot\spring-boot-actuator\3.3.5\da2ee79b18d1e62e4225cdd02f690645988b2536\spring-boot-actuator-3.3.5.jar;C:\Users\Fred\.gradle\caches\modules-2\files-2.1\org.springframework.boot\spring-boot\3.3.5\1a0d1dc425d445503bd01c9aa3683aaebc524e3b\spring-boot-3.3.5.jar;C:\Users\Fred\.gradle\caches\modules-2\files-2.1\org.springframework.boot\spring-boot-starter-logging\3.3.5\de318d4baa64f02631accf51d708e906b304b4cc\spring-boot-starter-logging-3.3.5.jar;C:\Users\Fred\.gradle\caches\modules-2\files-2.1\org.springframework.boot\spring-boot-starter-tomcat\3.3.5\9fcf404e2efc06612af0c194e6d4f4162c6aac24\spring-boot-starter-tomcat-3.3.5.jar;C:\Users\Fred\.gradle\caches\modules-2\files-2.1\jakarta.annotation\jakarta.annotation-api\2.1.1\48b9bda22b091b1f48b13af03fe36db3be6e1ae3\jakarta.annotation-api-2.1.1.jar;C:\Users\Fred\.gradle\caches\modules-2\files-2.1\org.springframework\spring-webmvc\6.1.14\804478303aac6f91ea566efd4fef3dc06380528a\spring-webmvc-6.1.14.jar;C:\Users\Fred\.gradle\caches\modules-2\files-2.1\org.springframework\spring-context\6.1.14\b3d96fb4310376a608465c3544b7cfb790293787\spring-context-6.1.14.jar;C:\Users\Fred\.gradle\caches\modules-2\files-2.1\org.springframework\spring-messaging\6.1.14\97e6f282fc94bfaec4d0146511727186452a0af\spring-messaging-6.1.14.jar;C:\Users\Fred\.gradle\caches\modules-2\files-2.1\org.springframework\spring-tx\6.1.14\f6cc1a08472e8ac51298a26bbe0f8b3d47d43175\spring-tx-6.1.14.jar;C:\Users\Fred\.gradle\caches\modules-2\files-2.1\org.springframework\spring-web\6.1.14\b45eaad7df4f37ce224acdcb555a6a3dd5c246b2\spring-web-6.1.14.jar;C:\Users\Fred\.gradle\caches\modules-2\files-2.1\org.springframework\spring-aop\6.1.14\3d5002d4c415c1ff4720f214c804d3d7e7d10111\spring-aop-6.1.14.jar;C:\Users\Fred\.gradle\caches\modules-2\files-2.1\org.springframework\spring-beans\6.1.14\be71b919145e20fb7f38c81467d7d0f1c09ad1bd\spring-beans-6.1.14.jar;C:\Users\Fred\.gradle\caches\modules-2\files-2.1\org.springframework\spring-expression\6.1.14\495646d4968fb90aa97bc05a7d298d0c32898a1d\spring-expression-6.1.14.jar;C:\Users\Fred\.gradle\caches\modules-2\files-2.1\org.springframework\spring-core\6.1.14\45d2d808015bf6c5411e457fa09e843042dc3a76\spring-core-6.1.14.jar;C:\Users\Fred\.gradle\caches\modules-2\files-2.1\org.yaml\snakeyaml\2.2\3af797a25458550a16bf89acc8e4ab2b7f2bfce0\snakeyaml-2.2.jar;C:\Users\Fred\.gradle\caches\modules-2\files-2.1\org.springframework.retry\spring-retry\2.0.10\2990d2957ef0988dd243d06e04d357eace43a522\spring-retry-2.0.10.jar;C:\Users\Fred\.gradle\caches\modules-2\files-2.1\io.micrometer\micrometer-jakarta9\1.13.6\acdec61d99543a94d2488e725e20bbc1f4d5a568\micrometer-jakarta9-1.13.6.jar;C:\Users\Fred\.gradle\caches\modules-2\files-2.1\io.micrometer\micrometer-core\1.13.6\7620ca432f0e499bce51169e2f80c9ffee069d57\micrometer-core-1.13.6.jar;C:\Users\Fred\.gradle\caches\modules-2\files-2.1\io.micrometer\micrometer-observation\1.13.6\8650b5372db17587f1271cd130beafa93d7eb573\micrometer-observation-1.13.6.jar;C:\Users\Fred\.gradle\caches\modules-2\files-2.1\com.github.luben\zstd-jni\1.5.5-1\fda1d6278299af27484e1cc3c79a060e41b7ef7e\zstd-jni-1.5.5-1.jar;C:\Users\Fred\.gradle\caches\modules-2\files-2.1\org.lz4\lz4-java\1.8.0\4b986a99445e49ea5fbf5d149c4b63f6ed6c6780\lz4-java-1.8.0.jar;C:\Users\Fred\.gradle\caches\modules-2\files-2.1\org.xerial.snappy\snappy-java\1.1.10.0\356b22f323f71e124d1f2556eebe2c776509ea9d\snappy-java-1.1.10.0.jar;C:\Users\Fred\.gradle\caches\modules-2\files-2.1\org.thymeleaf\thymeleaf-spring6\3.1.2.RELEASE\6030c7b4e260c41336f378e53da6e8531263f24b\thymeleaf-spring6-3.1.2.RELEASE.jar;C:\Users\Fred\.gradle\caches\modules-2\files-2.1\ch.qos.logback\logback-classic\1.5.11\c4473fb51fea6682ad477cf3c2206b8b9623b9d8\logback-classic-1.5.11.jar;C:\Users\Fred\.gradle\caches\modules-2\files-2.1\org.apache.logging.log4j\log4j-to-slf4j\2.23.1\425ad1eb8a39904d2830e907a324e956fb456520\log4j-to-slf4j-2.23.1.jar;C:\Users\Fred\.gradle\caches\modules-2\files-2.1\org.slf4j\jul-to-slf4j\2.0.16\6d57da3e961daac65bcca0dd3def6cd11e48a24a\jul-to-slf4j-2.0.16.jar;C:\Users\Fred\.gradle\caches\modules-2\files-2.1\org.thymeleaf\thymeleaf\3.1.2.RELEASE\273997509a4c7aef86cee0521750140c587d9be2\thymeleaf-3.1.2.RELEASE.jar;C:\Users\Fred\.gradle\caches\modules-2\files-2.1\org.slf4j\slf4j-api\2.0.16\172931663a09a1fa515567af5fbef00897d3c04\slf4j-api-2.0.16.jar;C:\Users\Fred\.gradle\caches\modules-2\files-2.1\org.springframework\spring-jcl\6.1.14\842b2b24a375efd79af436860d22ba4e0082ff4b\spring-jcl-6.1.14.jar;C:\Users\Fred\.gradle\caches\modules-2\files-2.1\io.micrometer\micrometer-commons\1.13.6\224f398df08315a8f9cda21fcb4f062d24da4a49\micrometer-commons-1.13.6.jar;C:\Users\Fred\.gradle\caches\modules-2\files-2.1\com.fasterxml.jackson.datatype\jackson-datatype-jdk8\2.17.2\efd3dd0e1d0db8bc72abbe71c15e697bb83b4b45\jackson-datatype-jdk8-2.17.2.jar;C:\Users\Fred\.gradle\caches\modules-2\files-2.1\com.fasterxml.jackson.module\jackson-module-parameter-names\2.17.2\d27b9f95ccce98984c1ba58d61c5a9c072b1ad95\jackson-module-parameter-names-2.17.2.jar;C:\Users\Fred\.gradle\caches\modules-2\files-2.1\com.fasterxml.jackson.core\jackson-annotations\2.17.2\147b7b9412ffff24339f8aba080b292448e08698\jackson-annotations-2.17.2.jar;C:\Users\Fred\.gradle\caches\modules-2\files-2.1\com.fasterxml.jackson.core\jackson-core\2.17.2\969a35cb35c86512acbadcdbbbfb044c877db814\jackson-core-2.17.2.jar;C:\Users\Fred\.gradle\caches\modules-2\files-2.1\com.fasterxml.jackson.datatype\jackson-datatype-jsr310\2.17.2\267b85e9ba2892a37be6d80aa9ca1438a0d8c210\jackson-datatype-jsr310-2.17.2.jar;C:\Users\Fred\.gradle\caches\modules-2\files-2.1\com.fasterxml.jackson.core\jackson-databind\2.17.2\e6deb029e5901e027c129341fac39e515066b68c\jackson-databind-2.17.2.jar;C:\Users\Fred\.gradle\caches\modules-2\files-2.1\org.apache.tomcat.embed\tomcat-embed-websocket\10.1.31\6f755a475e44ece496ae3402de0c6c2dbea63921\tomcat-embed-websocket-10.1.31.jar;C:\Users\Fred\.gradle\caches\modules-2\files-2.1\org.apache.tomcat.embed\tomcat-embed-core\10.1.31\a91cc0a95157228d9cccb1a9e8fb9c77c048c937\tomcat-embed-core-10.1.31.jar;C:\Users\Fred\.gradle\caches\modules-2\files-2.1\org.apache.tomcat.embed\tomcat-embed-el\10.1.31\ab21108d69bb42160eff7b905f606a1d0c21ae67\tomcat-embed-el-10.1.31.jar;C:\Users\Fred\.gradle\caches\modules-2\files-2.1\ch.qos.logback\logback-core\1.5.11\727bdb8dc75b6c392f9be56224503948abc248e8\logback-core-1.5.11.jar;C:\Users\Fred\.gradle\caches\modules-2\files-2.1\org.apache.logging.log4j\log4j-api\2.23.1\9c15c29c526d9c6783049c0a77722693c66706e1\log4j-api-2.23.1.jar;C:\Users\Fred\.gradle\caches\modules-2\files-2.1\org.hdrhistogram\HdrHistogram\2.2.2\7959933ebcc0f05b2eaa5af0a0c8689fa257b15c\HdrHistogram-2.2.2.jar;C:\Users\Fred\.gradle\caches\modules-2\files-2.1\org.latencyutils\LatencyUtils\2.0.3\769c0b82cb2421c8256300e907298a9410a2a3d3\LatencyUtils-2.0.3.jar;C:\Users\Fred\.gradle\caches\modules-2\files-2.1\org.attoparser\attoparser\2.0.7.RELEASE\e5d0e988d9124139d645bb5872b24dfa23e283cc\attoparser-2.0.7.RELEASE.jar;C:\Users\Fred\.gradle\caches\modules-2\files-2.1\org.unbescape\unbescape\1.1.6.RELEASE\7b90360afb2b860e09e8347112800d12c12b2a13\unbescape-1.1.6.RELEASE.jar
Launcher Type: SUN_STANDARD

[Global flags]
     intx CICompilerCount                          = 3                                         {product} {ergonomic}
     uint ConcGCThreads                            = 1                                         {product} {ergonomic}
     uint G1ConcRefinementThreads                  = 4                                         {product} {ergonomic}
   size_t G1HeapRegionSize                         = 1048576                                   {product} {ergonomic}
   size_t InitialHeapSize                          = 130023424                                 {product} {ergonomic}
   size_t MarkStackSize                            = 4194304                                   {product} {ergonomic}
   size_t MaxHeapSize                              = 2055208960                                {product} {ergonomic}
   size_t MaxNewSize                               = 1233125376                                {product} {ergonomic}
   size_t MinHeapDeltaBytes                        = 1048576                                   {product} {ergonomic}
   size_t MinHeapSize                              = 8388608                                   {product} {ergonomic}
    uintx NonNMethodCodeHeapSize                   = 5832780                                {pd product} {ergonomic}
    uintx NonProfiledCodeHeapSize                  = 122912730                              {pd product} {ergonomic}
    uintx ProfiledCodeHeapSize                     = 122912730                              {pd product} {ergonomic}
    uintx ReservedCodeCacheSize                    = 251658240                              {pd product} {ergonomic}
     bool SegmentedCodeCache                       = true                                      {product} {ergonomic}
   size_t SoftMaxHeapSize                          = 2055208960                             {manageable} {ergonomic}
     bool UseCompressedOops                        = true                           {product lp64_product} {ergonomic}
     bool UseG1GC                                  = true                                      {product} {ergonomic}
     bool UseLargePagesIndividualAllocation        = false                                  {pd product} {ergonomic}

Logging:
Log output configuration:
 #0: stdout all=warning uptime,level,tags foldmultilines=false
 #1: stderr all=off uptime,level,tags foldmultilines=false

Environment Variables:
JAVA_HOME=C:\Program Files\Java\jdk-17.0.11
PATH=C:\Program Files\Java\jdk-17.0.11\bin;C:\Program Files\Java\jdk-22\bin;C:\Users\Fred\Documents\School\Oracle\WINDOWS.X64_193000_db_home\bin;C:\Program Files (x86)\VMware\VMware Workstation\bin\;C:\WINDOWS\system32;C:\WINDOWS;C:\WINDOWS\System32\Wbem;C:\WINDOWS\System32\WindowsPowerShell\v1.0\;C:\WINDOWS\System32\OpenSSH\;C:\Program Files\Calibre2\;C:\Program Files (x86)\Windows Kits\10\Windows Performance Toolkit\;C:\Program Files\Git\cmd;C:\Program Files\nodejs\;C:\Program Files\Docker\Docker\resources\bin;C:\Program Files\Go\bin;C:\Users\Fred\.config\herd\bin\nvm;C:\Program Files\nodejs;C:\Program Files (x86)\Common Files\Oracle\Java\java8path;C:\Program Files (x86)\Common Files\Oracle\Java\javapath;;C:\ProgramData\chocolatey\bin;C:\Users\Fred\.config\herd\bin;C:\Users\Fred\.config\herd-lite\bin;C:\Users\Fred\AppData\Local\Microsoft\WindowsApps;C:\Users\Fred\AppData\Local\Programs\nu\bin\;C:\Users\Fred\AppData\Local\Programs\Microsoft VS Code\bin;C:\msys64\ucrt64\bin;C:\Users\Fred\AppData\Local\Microsoft\WinGet\Links;C:\Program Files\Git\bin;C:\Users\Fred\AppData\Roaming\npm;C:\Users\Fred\bin\flutter\bin;C:\Users\Fred\AppData\Local\Android\Sdk\cmdline-tools;C:\Users\Fred\AppData\Local\Android\Sdk\tools;C:\cmdline-tools\bin;C:\Users\Fred\go\bin;C:\Program Files\Java\jdk-17.0.11\bin;C:\Program Files\Java\jdk-22\bin;C:\wamp64\bin\php\php8.2.18;C:\Program Files\JetBrains\PhpStorm 2020.1\bin;;C:\wamp64\bin\mysql\mysql8.3.0\bin;C:\Program Files\JetBrains\IntelliJ IDEA 2024.2.4\bin;;C:\Users\Fred\AppData\Local\GitHubDesktop\bin;C:\Program Files\spring-3.3.5\bin;
USERNAME=Fred
OS=Windows_NT
PROCESSOR_IDENTIFIER=Intel64 Family 6 Model 140 Stepping 1, GenuineIntel
TMP=C:\Users\Fred\AppData\Local\Temp
TEMP=C:\Users\Fred\AppData\Local\Temp




Periodic native trim disabled

---------------  S Y S T E M  ---------------

OS:
 Windows 11 , 64 bit Build 22621 (10.0.22621.3958)
OS uptime: 6 days 2:26 hours
Hyper-V role detected

CPU: total 4 (initial active 4) (2 cores per cpu, 2 threads per core) family 6 model 140 stepping 1 microcode 0xb4, cx8, cmov, fxsr, ht, mmx, 3dnowpref, sse, sse2, sse3, ssse3, sse4.1, sse4.2, popcnt, lzcnt, tsc, tscinvbit, avx, avx2, aes, erms, clmul, bmi1, bmi2, adx, avx512f, avx512dq, avx512cd, avx512bw, avx512vl, sha, fma, vzeroupper, avx512_vpopcntdq, avx512_vpclmulqdq, avx512_vaes, avx512_vnni, clflush, clflushopt, clwb, avx512_vbmi2, avx512_vbmi, hv, rdtscp, rdpid, fsrm, gfni, avx512_bitalg, f16c, cet_ibt, cet_ss, avx512_ifma
Processor Information for all 4 processors :
  Max Mhz: 2901, Current Mhz: 2901, Mhz Limit: 2901

Memory: 4k page, system-wide physical 7834M (428M free)
TotalPageFile size 31386M (AvailPageFile size 0M)
current process WorkingSet (physical memory assigned to process): 53M, peak: 53M
current process commit charge ("private bytes"): 204M, peak: 204M

vm_info: Java HotSpot(TM) 64-Bit Server VM (22.0.2+9-70) for windows-amd64 JRE (22.0.2+9-70), built on 2024-06-04T16:52:23Z by "mach5one" with MS VC++ 17.6 (VS2022)

END.
