#
# There is insufficient memory for the Java Runtime Environment to continue.
# Native memory allocation (malloc) failed to allocate 1406080 bytes. Error detail: Chunk::new
# Possible reasons:
#   The system is out of physical RAM or swap space
#   This process is running with CompressedOops enabled, and the Java Heap may be blocking the growth of the native heap
# Possible solutions:
#   Reduce memory load on the system
#   Increase physical memory or swap space
#   Check if swap backing store is full
#   Decrease Java heap size (-Xmx/-Xms)
#   Decrease number of Java threads
#   Decrease Java thread stack sizes (-Xss)
#   Set larger code cache with -XX:ReservedCodeCacheSize=
#   JVM is running with Unscaled Compressed Oops mode in which the Java heap is
#     placed in the first 4GB address space. The Java Heap base address is the
#     maximum limit for the native heap growth. Please use -XX:HeapBaseMinAddress
#     to set the Java Heap base and to place the Java Heap above 4GB virtual address.
# This output file may be truncated or incomplete.
#
#  Out of Memory Error (arena.cpp:150), pid=40796, tid=32396
#
# JRE version: Java(TM) SE Runtime Environment (22.0.2+9) (build 22.0.2+9-70)
# Java VM: Java HotSpot(TM) 64-Bit Server VM (22.0.2+9-70, mixed mode, sharing, tiered, compressed oops, compressed class ptrs, g1 gc, windows-amd64)
# No core dump will be written. Minidumps are not enabled by default on client versions of Windows
#

---------------  S U M M A R Y ------------

Command Line: --add-opens=java.base/java.util=ALL-UNNAMED --add-opens=java.base/java.lang=ALL-UNNAMED --add-opens=java.base/java.lang.invoke=ALL-UNNAMED --add-opens=java.prefs/java.util.prefs=ALL-UNNAMED --add-exports=jdk.compiler/com.sun.tools.javac.api=ALL-UNNAMED --add-exports=jdk.compiler/com.sun.tools.javac.util=ALL-UNNAMED --add-opens=java.base/java.nio.charset=ALL-UNNAMED --add-opens=java.base/java.net=ALL-UNNAMED --add-opens=java.base/java.util.concurrent.atomic=ALL-UNNAMED -XX:MaxMetaspaceSize=384m -XX:+HeapDumpOnOutOfMemoryError -Xms256m -Xmx512m -Dfile.encoding=UTF-8 -Duser.country=FR -Duser.language=fr -Duser.variant -javaagent:C:\Users\Fred\.gradle\wrapper\dists\gradle-8.10-bin\deqhafrv1ntovfmgh0nh3npr9\gradle-8.10\lib\agents\gradle-instrumentation-agent-8.10.jar org.gradle.launcher.daemon.bootstrap.GradleDaemon 8.10

Host: 11th Gen Intel(R) Core(TM) i3-1115G4 @ 3.00GHz, 4 cores, 7G,  Windows 11 , 64 bit Build 22621 (10.0.22621.4391)
Time: Thu Jan 30 15:32:19 2025 Temps universel coordonné elapsed time: 28.679857 seconds (0d 0h 0m 28s)

---------------  T H R E A D  ---------------

Current thread (0x000001fbee5fc3a0):  JavaThread "C2 CompilerThread0" daemon [_thread_in_native, id=32396, stack(0x0000005338800000,0x0000005338900000) (1024K)]


Current CompileTask:
C2:28679 10167 %     4       org.gradle.internal.instantiation.generator.AbstractClassGenerator::inspectType @ 107 (560 bytes)

Stack: [0x0000005338800000,0x0000005338900000]
Native frames: (J=compiled Java code, j=interpreted, Vv=VM code, C=native code)
V  [jvm.dll+0x6e26e9]  (no source info available)
V  [jvm.dll+0x875753]  (no source info available)
V  [jvm.dll+0x877b7e]  (no source info available)
V  [jvm.dll+0x878253]  (no source info available)
V  [jvm.dll+0x27fc86]  (no source info available)
V  [jvm.dll+0xc3d0f]  (no source info available)
V  [jvm.dll+0xc3f6b]  (no source info available)
V  [jvm.dll+0x3bb47c]  (no source info available)
V  [jvm.dll+0x1df6ae]  (no source info available)
V  [jvm.dll+0x24793c]  (no source info available)
V  [jvm.dll+0x246e9f]  (no source info available)
V  [jvm.dll+0x1c4e80]  (no source info available)
V  [jvm.dll+0x2568f3]  (no source info available)
V  [jvm.dll+0x254baa]  (no source info available)
V  [jvm.dll+0x3f57a6]  (no source info available)
V  [jvm.dll+0x81dc0b]  (no source info available)
V  [jvm.dll+0x6e0d85]  (no source info available)
C  [ucrtbase.dll+0x29333]  (no source info available)
C  [KERNEL32.DLL+0x1259d]  (no source info available)
C  [ntdll.dll+0x5af38]  (no source info available)


---------------  P R O C E S S  ---------------

Threads class SMR info:
_java_thread_list=0x000001fb9df468f0, length=85, elements={
0x000001fbd22185a0, 0x000001fbee5f22f0, 0x000001fbee5f34b0, 0x000001fbee5f6470,
0x000001fbee5f90d0, 0x000001fbee5fa620, 0x000001fbee5fb520, 0x000001fbee5fc3a0,
0x000001fbee5fd7b0, 0x000001fbee5c3090, 0x000001fb993fe510, 0x000001fb9aa6a1b0,
0x000001fb9a11ff40, 0x000001fb9ab60520, 0x000001fb9af44960, 0x000001fb9afa4600,
0x000001fb9af45b30, 0x000001fb9abe51a0, 0x000001fb9abe5830, 0x000001fb9abe7900,
0x000001fb9abe7270, 0x000001fb9abe7f90, 0x000001fb9abe8620, 0x000001fb9abe6550,
0x000001fb9abe6be0, 0x000001fb9d6523d0, 0x000001fb9d653780, 0x000001fb9d652a60,
0x000001fb9d6516b0, 0x000001fb9d650300, 0x000001fb9d651d40, 0x000001fb9d6530f0,
0x000001fb9d650990, 0x000001fb9d651020, 0x000001fb9d3d1aa0, 0x000001fb9d3d27c0,
0x000001fb9d3d06f0, 0x000001fb9d3d2e50, 0x000001fb9d3d0d80, 0x000001fb99329680,
0x000001fb993282d0, 0x000001fb99328960, 0x000001fb9932b0c0, 0x000001fb993275b0,
0x000001fb99326f20, 0x000001fb99329d10, 0x000001fb9932b750, 0x000001fb9932a3a0,
0x000001fb993247c0, 0x000001fb99328ff0, 0x000001fb99326890, 0x000001fb9932aa30,
0x000001fb99324e50, 0x000001fb99325b70, 0x000001fb99326200, 0x000001fb9a12a700,
0x000001fb9a12c140, 0x000001fb9a129350, 0x000001fb9a12bab0, 0x000001fb9a12a070,
0x000001fb9a12ad90, 0x000001fb9a1299e0, 0x000001fb9a12b420, 0x000001fb9a12c7d0,
0x000001fb9c9635f0, 0x000001fb9c964310, 0x000001fb9c9649a0, 0x000001fb9c961bb0,
0x000001fb9c962240, 0x000001fb9c95f450, 0x000001fb9c960170, 0x000001fb9c965030,
0x000001fb9c963c80, 0x000001fb9c960800, 0x000001fb9c9628d0, 0x000001fb9c95fae0,
0x000001fb9c960e90, 0x000001fb9c9656c0, 0x000001fb9c8a8f20, 0x000001fb9c8a7b70,
0x000001fb9c8a95b0, 0x000001fb9c8a74e0, 0x000001fb9c8a6e50, 0x000001fb9c8a8200,
0x000001fb9b219310
}

Java Threads: ( => current thread )
  0x000001fbd22185a0 JavaThread "main"                              [_thread_blocked, id=35672, stack(0x0000005337a00000,0x0000005337b00000) (1024K)]
  0x000001fbee5f22f0 JavaThread "Reference Handler"          daemon [_thread_blocked, id=2644, stack(0x0000005338200000,0x0000005338300000) (1024K)]
  0x000001fbee5f34b0 JavaThread "Finalizer"                  daemon [_thread_blocked, id=34680, stack(0x0000005338300000,0x0000005338400000) (1024K)]
  0x000001fbee5f6470 JavaThread "Signal Dispatcher"          daemon [_thread_blocked, id=28948, stack(0x0000005338400000,0x0000005338500000) (1024K)]
  0x000001fbee5f90d0 JavaThread "Attach Listener"            daemon [_thread_blocked, id=31488, stack(0x0000005338500000,0x0000005338600000) (1024K)]
  0x000001fbee5fa620 JavaThread "Service Thread"             daemon [_thread_blocked, id=28788, stack(0x0000005338600000,0x0000005338700000) (1024K)]
  0x000001fbee5fb520 JavaThread "Monitor Deflation Thread"   daemon [_thread_blocked, id=38004, stack(0x0000005338700000,0x0000005338800000) (1024K)]
=>0x000001fbee5fc3a0 JavaThread "C2 CompilerThread0"         daemon [_thread_in_native, id=32396, stack(0x0000005338800000,0x0000005338900000) (1024K)]
  0x000001fbee5fd7b0 JavaThread "C1 CompilerThread0"         daemon [_thread_blocked, id=3652, stack(0x0000005338900000,0x0000005338a00000) (1024K)]
  0x000001fbee5c3090 JavaThread "Common-Cleaner"             daemon [_thread_blocked, id=19800, stack(0x0000005338a00000,0x0000005338b00000) (1024K)]
  0x000001fb993fe510 JavaThread "Notification Thread"        daemon [_thread_blocked, id=42616, stack(0x0000005338b00000,0x0000005338c00000) (1024K)]
  0x000001fb9aa6a1b0 JavaThread "Daemon health stats"               [_thread_blocked, id=34364, stack(0x0000005339000000,0x0000005339100000) (1024K)]
  0x000001fb9a11ff40 JavaThread "Incoming local TCP Connector on port 49925"        [_thread_in_native, id=40968, stack(0x0000005338f00000,0x0000005339000000) (1024K)]
  0x000001fb9ab60520 JavaThread "Daemon periodic checks"            [_thread_blocked, id=22356, stack(0x0000005339100000,0x0000005339200000) (1024K)]
  0x000001fb9af44960 JavaThread "Daemon"                            [_thread_blocked, id=5964, stack(0x0000005339200000,0x0000005339300000) (1024K)]
  0x000001fb9afa4600 JavaThread "Handler for socket connection from /127.0.0.1:49925 to /127.0.0.1:49927"        [_thread_in_native, id=37088, stack(0x0000005339300000,0x0000005339400000) (1024K)]
  0x000001fb9af45b30 JavaThread "Cancel handler"                    [_thread_blocked, id=36988, stack(0x0000005339400000,0x0000005339500000) (1024K)]
  0x000001fb9abe51a0 JavaThread "Daemon worker"                     [_thread_in_native, id=33212, stack(0x0000005339500000,0x0000005339600000) (1024K)]
  0x000001fb9abe5830 JavaThread "Asynchronous log dispatcher for DefaultDaemonConnection: socket connection from /127.0.0.1:49925 to /127.0.0.1:49927"        [_thread_blocked, id=26192, stack(0x0000005339600000,0x0000005339700000) (1024K)]
  0x000001fb9abe7900 JavaThread "Stdin handler"                     [_thread_blocked, id=40564, stack(0x0000005339700000,0x0000005339800000) (1024K)]
  0x000001fb9abe7270 JavaThread "Daemon client event forwarder"        [_thread_blocked, id=5072, stack(0x0000005339800000,0x0000005339900000) (1024K)]
  0x000001fb9abe7f90 JavaThread "Cache worker for journal cache (C:\Users\Fred\.gradle\caches\journal-1)"        [_thread_blocked, id=25572, stack(0x0000005339900000,0x0000005339a00000) (1024K)]
  0x000001fb9abe8620 JavaThread "File lock request listener"        [_thread_in_native, id=33328, stack(0x0000005339a00000,0x0000005339b00000) (1024K)]
  0x000001fb9abe6550 JavaThread "Cache worker for file hash cache (C:\Users\Fred\.gradle\caches\8.10\fileHashes)"        [_thread_blocked, id=37684, stack(0x0000005339b00000,0x0000005339c00000) (1024K)]
  0x000001fb9abe6be0 JavaThread "Cache worker for file hash cache (C:\Users\Fred\Documents\GitHub\KafkaProject\.gradle\8.10\fileHashes)"        [_thread_blocked, id=19648, stack(0x0000005339c00000,0x0000005339d00000) (1024K)]
  0x000001fb9d6523d0 JavaThread "Cache worker for Build Output Cleanup Cache (C:\Users\Fred\Documents\GitHub\KafkaProject\.gradle\buildOutputCleanup)"        [_thread_blocked, id=12816, stack(0x0000005339d00000,0x0000005339e00000) (1024K)]
  0x000001fb9d653780 JavaThread "File watcher server"        daemon [_thread_in_native, id=36144, stack(0x0000005339e00000,0x0000005339f00000) (1024K)]
  0x000001fb9d652a60 JavaThread "File watcher consumer"      daemon [_thread_blocked, id=30112, stack(0x0000005339f00000,0x000000533a000000) (1024K)]
  0x000001fb9d6516b0 JavaThread "Cache worker for checksums cache (C:\Users\Fred\Documents\GitHub\KafkaProject\.gradle\8.10\checksums)"        [_thread_blocked, id=27636, stack(0x000000533a000000,0x000000533a100000) (1024K)]
  0x000001fb9d650300 JavaThread "Cache worker for file content cache (C:\Users\Fred\.gradle\caches\8.10\fileContent)"        [_thread_blocked, id=42908, stack(0x000000533a100000,0x000000533a200000) (1024K)]
  0x000001fb9d651d40 JavaThread "Cache worker for cache directory md-rule (C:\Users\Fred\.gradle\caches\8.10\md-rule)"        [_thread_blocked, id=5648, stack(0x000000533a200000,0x000000533a300000) (1024K)]
  0x000001fb9d6530f0 JavaThread "Cache worker for cache directory md-supplier (C:\Users\Fred\.gradle\caches\8.10\md-supplier)"        [_thread_blocked, id=35932, stack(0x000000533a300000,0x000000533a400000) (1024K)]
  0x000001fb9d650990 JavaThread "jar transforms"                    [_thread_blocked, id=2996, stack(0x000000533a400000,0x000000533a500000) (1024K)]
  0x000001fb9d651020 JavaThread "jar transforms Thread 2"           [_thread_blocked, id=40724, stack(0x000000533a500000,0x000000533a600000) (1024K)]
  0x000001fb9d3d1aa0 JavaThread "jar transforms Thread 3"           [_thread_blocked, id=23724, stack(0x000000533a600000,0x000000533a700000) (1024K)]
  0x000001fb9d3d27c0 JavaThread "Unconstrained build operations"        [_thread_blocked, id=35812, stack(0x000000533a700000,0x000000533a800000) (1024K)]
  0x000001fb9d3d06f0 JavaThread "Unconstrained build operations Thread 2"        [_thread_blocked, id=34632, stack(0x000000533a800000,0x000000533a900000) (1024K)]
  0x000001fb9d3d2e50 JavaThread "jar transforms Thread 4"           [_thread_blocked, id=3860, stack(0x000000533a900000,0x000000533aa00000) (1024K)]
  0x000001fb9d3d0d80 JavaThread "Unconstrained build operations Thread 3"        [_thread_blocked, id=28928, stack(0x000000533aa00000,0x000000533ab00000) (1024K)]
  0x000001fb99329680 JavaThread "Unconstrained build operations Thread 4"        [_thread_blocked, id=6456, stack(0x000000533ab00000,0x000000533ac00000) (1024K)]
  0x000001fb993282d0 JavaThread "Unconstrained build operations Thread 5"        [_thread_blocked, id=37256, stack(0x000000533ac00000,0x000000533ad00000) (1024K)]
  0x000001fb99328960 JavaThread "Unconstrained build operations Thread 6"        [_thread_blocked, id=42084, stack(0x000000533ad00000,0x000000533ae00000) (1024K)]
  0x000001fb9932b0c0 JavaThread "File lock release action executor"        [_thread_blocked, id=33476, stack(0x000000533ae00000,0x000000533af00000) (1024K)]
  0x000001fb993275b0 JavaThread "Unconstrained build operations Thread 7"        [_thread_blocked, id=36028, stack(0x000000533af00000,0x000000533b000000) (1024K)]
  0x000001fb99326f20 JavaThread "Unconstrained build operations Thread 8"        [_thread_blocked, id=34240, stack(0x000000533b000000,0x000000533b100000) (1024K)]
  0x000001fb99329d10 JavaThread "Unconstrained build operations Thread 9"        [_thread_blocked, id=10540, stack(0x000000533b100000,0x000000533b200000) (1024K)]
  0x000001fb9932b750 JavaThread "Unconstrained build operations Thread 10"        [_thread_blocked, id=1716, stack(0x000000533b200000,0x000000533b300000) (1024K)]
  0x000001fb9932a3a0 JavaThread "Unconstrained build operations Thread 11"        [_thread_blocked, id=31196, stack(0x000000533b300000,0x000000533b400000) (1024K)]
  0x000001fb993247c0 JavaThread "Unconstrained build operations Thread 12"        [_thread_blocked, id=19540, stack(0x000000533b400000,0x000000533b500000) (1024K)]
  0x000001fb99328ff0 JavaThread "Unconstrained build operations Thread 13"        [_thread_blocked, id=14668, stack(0x000000533b500000,0x000000533b600000) (1024K)]
  0x000001fb99326890 JavaThread "Unconstrained build operations Thread 14"        [_thread_blocked, id=9016, stack(0x000000533b600000,0x000000533b700000) (1024K)]
  0x000001fb9932aa30 JavaThread "Unconstrained build operations Thread 15"        [_thread_blocked, id=12140, stack(0x000000533b700000,0x000000533b800000) (1024K)]
  0x000001fb99324e50 JavaThread "Memory manager"                    [_thread_blocked, id=32448, stack(0x000000533b800000,0x000000533b900000) (1024K)]
  0x000001fb99325b70 JavaThread "Unconstrained build operations Thread 16"        [_thread_blocked, id=19632, stack(0x000000533b900000,0x000000533ba00000) (1024K)]
  0x000001fb99326200 JavaThread "Unconstrained build operations Thread 17"        [_thread_blocked, id=18632, stack(0x000000533ba00000,0x000000533bb00000) (1024K)]
  0x000001fb9a12a700 JavaThread "Unconstrained build operations Thread 18"        [_thread_blocked, id=40100, stack(0x000000533bb00000,0x000000533bc00000) (1024K)]
  0x000001fb9a12c140 JavaThread "Unconstrained build operations Thread 19"        [_thread_blocked, id=29540, stack(0x000000533bc00000,0x000000533bd00000) (1024K)]
  0x000001fb9a129350 JavaThread "Unconstrained build operations Thread 20"        [_thread_blocked, id=11612, stack(0x000000533bd00000,0x000000533be00000) (1024K)]
  0x000001fb9a12bab0 JavaThread "Unconstrained build operations Thread 21"        [_thread_blocked, id=15356, stack(0x000000533be00000,0x000000533bf00000) (1024K)]
  0x000001fb9a12a070 JavaThread "Unconstrained build operations Thread 22"        [_thread_blocked, id=24064, stack(0x000000533bf00000,0x000000533c000000) (1024K)]
  0x000001fb9a12ad90 JavaThread "Unconstrained build operations Thread 23"        [_thread_blocked, id=36104, stack(0x000000533c000000,0x000000533c100000) (1024K)]
  0x000001fb9a1299e0 JavaThread "Unconstrained build operations Thread 24"        [_thread_blocked, id=38868, stack(0x000000533c100000,0x000000533c200000) (1024K)]
  0x000001fb9a12b420 JavaThread "Unconstrained build operations Thread 25"        [_thread_blocked, id=34020, stack(0x000000533c200000,0x000000533c300000) (1024K)]
  0x000001fb9a12c7d0 JavaThread "Unconstrained build operations Thread 26"        [_thread_blocked, id=26248, stack(0x000000533c300000,0x000000533c400000) (1024K)]
  0x000001fb9c9635f0 JavaThread "Unconstrained build operations Thread 27"        [_thread_blocked, id=28240, stack(0x000000533c400000,0x000000533c500000) (1024K)]
  0x000001fb9c964310 JavaThread "Unconstrained build operations Thread 28"        [_thread_blocked, id=5368, stack(0x000000533c500000,0x000000533c600000) (1024K)]
  0x000001fb9c9649a0 JavaThread "Unconstrained build operations Thread 29"        [_thread_blocked, id=8964, stack(0x000000533c600000,0x000000533c700000) (1024K)]
  0x000001fb9c961bb0 JavaThread "Unconstrained build operations Thread 30"        [_thread_blocked, id=20012, stack(0x000000533c700000,0x000000533c800000) (1024K)]
  0x000001fb9c962240 JavaThread "Unconstrained build operations Thread 31"        [_thread_blocked, id=38404, stack(0x000000533c800000,0x000000533c900000) (1024K)]
  0x000001fb9c95f450 JavaThread "Unconstrained build operations Thread 32"        [_thread_blocked, id=36236, stack(0x000000533c900000,0x000000533ca00000) (1024K)]
  0x000001fb9c960170 JavaThread "Unconstrained build operations Thread 33"        [_thread_blocked, id=31428, stack(0x000000533ca00000,0x000000533cb00000) (1024K)]
  0x000001fb9c965030 JavaThread "Unconstrained build operations Thread 34"        [_thread_blocked, id=36384, stack(0x000000533cb00000,0x000000533cc00000) (1024K)]
  0x000001fb9c963c80 JavaThread "Unconstrained build operations Thread 35"        [_thread_blocked, id=14260, stack(0x000000533cc00000,0x000000533cd00000) (1024K)]
  0x000001fb9c960800 JavaThread "Unconstrained build operations Thread 36"        [_thread_blocked, id=21244, stack(0x000000533cd00000,0x000000533ce00000) (1024K)]
  0x000001fb9c9628d0 JavaThread "Unconstrained build operations Thread 37"        [_thread_blocked, id=29984, stack(0x000000533ce00000,0x000000533cf00000) (1024K)]
  0x000001fb9c95fae0 JavaThread "Unconstrained build operations Thread 38"        [_thread_blocked, id=30920, stack(0x000000533cf00000,0x000000533d000000) (1024K)]
  0x000001fb9c960e90 JavaThread "Unconstrained build operations Thread 39"        [_thread_blocked, id=39700, stack(0x000000533d000000,0x000000533d100000) (1024K)]
  0x000001fb9c9656c0 JavaThread "Unconstrained build operations Thread 40"        [_thread_blocked, id=31024, stack(0x000000533d100000,0x000000533d200000) (1024K)]
  0x000001fb9c8a8f20 JavaThread "ForkJoinPool.commonPool-worker-1" daemon [_thread_blocked, id=23332, stack(0x000000533d300000,0x000000533d400000) (1024K)]
  0x000001fb9c8a7b70 JavaThread "ForkJoinPool.commonPool-worker-2" daemon [_thread_blocked, id=18544, stack(0x000000533d400000,0x000000533d500000) (1024K)]
  0x000001fb9c8a95b0 JavaThread "ForkJoinPool.commonPool-worker-3" daemon [_thread_blocked, id=9652, stack(0x000000533d500000,0x000000533d600000) (1024K)]
  0x000001fb9c8a74e0 JavaThread "Exec process"                      [_thread_blocked, id=16624, stack(0x000000533d600000,0x000000533d700000) (1024K)]
  0x000001fb9c8a6e50 JavaThread "Exec process Thread 2"             [_thread_blocked, id=14588, stack(0x000000533d700000,0x000000533d800000) (1024K)]
  0x000001fb9c8a8200 JavaThread "Exec process Thread 3"             [_thread_blocked, id=28096, stack(0x000000533d800000,0x000000533d900000) (1024K)]
  0x000001fb9b219310 JavaThread "C2 CompilerThread1"         daemon [_thread_blocked, id=42168, stack(0x000000533d900000,0x000000533da00000) (1024K)]
Total: 85

Other Threads:
  0x000001fbee5d4b00 VMThread "VM Thread"                           [id=29664, stack(0x0000005338100000,0x0000005338200000) (1024K)]
  0x000001fbee5c1f20 WatcherThread "VM Periodic Task Thread"        [id=39084, stack(0x0000005338000000,0x0000005338100000) (1024K)]
  0x000001fbd248d3c0 WorkerThread "GC Thread#0"                     [id=19280, stack(0x0000005337b00000,0x0000005337c00000) (1024K)]
  0x000001fb9941f990 WorkerThread "GC Thread#1"                     [id=30296, stack(0x0000005338c00000,0x0000005338d00000) (1024K)]
  0x000001fb9941fd40 WorkerThread "GC Thread#2"                     [id=25300, stack(0x0000005338d00000,0x0000005338e00000) (1024K)]
  0x000001fb994200f0 WorkerThread "GC Thread#3"                     [id=3940, stack(0x0000005338e00000,0x0000005338f00000) (1024K)]
  0x000001fbd24923b0 ConcurrentGCThread "G1 Main Marker"            [id=5456, stack(0x0000005337c00000,0x0000005337d00000) (1024K)]
  0x000001fbd2493880 WorkerThread "G1 Conc#0"                       [id=17776, stack(0x0000005337d00000,0x0000005337e00000) (1024K)]
  0x000001fbd251eb90 ConcurrentGCThread "G1 Refine#0"               [id=12100, stack(0x0000005337e00000,0x0000005337f00000) (1024K)]
  0x000001fbee494ac0 ConcurrentGCThread "G1 Service"                [id=10016, stack(0x0000005337f00000,0x0000005338000000) (1024K)]
Total: 10

Threads with active compile tasks:
C2 CompilerThread0  28746 10167 %     4       org.gradle.internal.instantiation.generator.AbstractClassGenerator::inspectType @ 107 (560 bytes)
Total: 1

VM state: not at safepoint (normal execution)

VM Mutex/Monitor currently owned by a thread: None

Heap address: 0x00000000e0000000, size: 512 MB, Compressed Oops mode: 32-bit

CDS archive(s) mapped at: [0x000001fb80000000-0x000001fb80c60000-0x000001fb80c60000), size 12976128, SharedBaseAddress: 0x000001fb80000000, ArchiveRelocationMode: 1.
Compressed class space mapped at: 0x000001fb81000000-0x000001fb95000000, reserved size: 335544320
Narrow klass base: 0x000001fb80000000, Narrow klass shift: 0, Narrow klass range: 0x15000000

GC Precious Log:
 CardTable entry size: 512
 Card Set container configuration: InlinePtr #cards 5 size 8 Array Of Cards #cards 12 size 40 Howl #buckets 4 coarsen threshold 1843 Howl Bitmap #cards 512 size 80 coarsen threshold 460 Card regions per heap region 1 cards per card region 2048
 CPUs: 4 total, 4 available
 Memory: 7834M
 Large Page Support: Disabled
 NUMA Support: Disabled
 Compressed Oops: Enabled (32-bit)
 Heap Region Size: 1M
 Heap Min Capacity: 256M
 Heap Initial Capacity: 256M
 Heap Max Capacity: 512M
 Pre-touch: Disabled
 Parallel Workers: 4
 Concurrent Workers: 1
 Concurrent Refinement Workers: 4
 Periodic GC: Disabled

Heap:
 garbage-first heap   total reserved 524288K, committed 262144K, used 145920K [0x00000000e0000000, 0x0000000100000000)
  region size 1024K, 94 young (96256K), 2 survivors (2048K)
 Metaspace       used 65852K, committed 67968K, reserved 393216K
  class space    used 9430K, committed 10432K, reserved 327680K

Heap Regions: E=young(eden), S=young(survivor), O=old, HS=humongous(starts), HC=humongous(continues), CS=collection set, F=free, TAMS=top-at-mark-start, PB=parsable bottom
|   0|0x00000000e0000000, 0x00000000e0100000, 0x00000000e0100000|100%|HS|  |TAMS 0x00000000e0000000| PB 0x00000000e0000000| Complete |  0
|   1|0x00000000e0100000, 0x00000000e0200000, 0x00000000e0200000|100%|HC|  |TAMS 0x00000000e0100000| PB 0x00000000e0100000| Complete |  0
|   2|0x00000000e0200000, 0x00000000e0300000, 0x00000000e0300000|100%|HC|  |TAMS 0x00000000e0200000| PB 0x00000000e0200000| Complete |  0
|   3|0x00000000e0300000, 0x00000000e0400000, 0x00000000e0400000|100%|HC|  |TAMS 0x00000000e0300000| PB 0x00000000e0300000| Complete |  0
|   4|0x00000000e0400000, 0x00000000e0500000, 0x00000000e0500000|100%| O|  |TAMS 0x00000000e0400000| PB 0x00000000e0400000| Untracked |  0
|   5|0x00000000e0500000, 0x00000000e0600000, 0x00000000e0600000|100%| O|  |TAMS 0x00000000e0500000| PB 0x00000000e0500000| Untracked |  0
|   6|0x00000000e0600000, 0x00000000e0700000, 0x00000000e0700000|100%| O|  |TAMS 0x00000000e0600000| PB 0x00000000e0600000| Untracked |  0
|   7|0x00000000e0700000, 0x00000000e0800000, 0x00000000e0800000|100%|HS|  |TAMS 0x00000000e0700000| PB 0x00000000e0700000| Complete |  0
|   8|0x00000000e0800000, 0x00000000e0900000, 0x00000000e0900000|100%| O|  |TAMS 0x00000000e0800000| PB 0x00000000e0800000| Untracked |  0
|   9|0x00000000e0900000, 0x00000000e0a00000, 0x00000000e0a00000|100%| O|  |TAMS 0x00000000e0900000| PB 0x00000000e0900000| Untracked |  0
|  10|0x00000000e0a00000, 0x00000000e0b00000, 0x00000000e0b00000|100%| O|  |TAMS 0x00000000e0a00000| PB 0x00000000e0a00000| Untracked |  0
|  11|0x00000000e0b00000, 0x00000000e0c00000, 0x00000000e0c00000|100%| O|  |TAMS 0x00000000e0b00000| PB 0x00000000e0b00000| Untracked |  0
|  12|0x00000000e0c00000, 0x00000000e0d00000, 0x00000000e0d00000|100%| O|  |TAMS 0x00000000e0c00000| PB 0x00000000e0c00000| Untracked |  0
|  13|0x00000000e0d00000, 0x00000000e0e00000, 0x00000000e0e00000|100%| O|  |TAMS 0x00000000e0d00000| PB 0x00000000e0d00000| Untracked |  0
|  14|0x00000000e0e00000, 0x00000000e0f00000, 0x00000000e0f00000|100%| O|  |TAMS 0x00000000e0e00000| PB 0x00000000e0e00000| Untracked |  0
|  15|0x00000000e0f00000, 0x00000000e1000000, 0x00000000e1000000|100%| O|  |TAMS 0x00000000e0f00000| PB 0x00000000e0f00000| Untracked |  0
|  16|0x00000000e1000000, 0x00000000e1100000, 0x00000000e1100000|100%| O|  |TAMS 0x00000000e1000000| PB 0x00000000e1000000| Untracked |  0
|  17|0x00000000e1100000, 0x00000000e1200000, 0x00000000e1200000|100%| O|  |TAMS 0x00000000e1100000| PB 0x00000000e1100000| Untracked |  0
|  18|0x00000000e1200000, 0x00000000e1300000, 0x00000000e1300000|100%| O|  |TAMS 0x00000000e1200000| PB 0x00000000e1200000| Untracked |  0
|  19|0x00000000e1300000, 0x00000000e1400000, 0x00000000e1400000|100%| O|  |TAMS 0x00000000e1300000| PB 0x00000000e1300000| Untracked |  0
|  20|0x00000000e1400000, 0x00000000e1500000, 0x00000000e1500000|100%| O|  |TAMS 0x00000000e1400000| PB 0x00000000e1400000| Untracked |  0
|  21|0x00000000e1500000, 0x00000000e1600000, 0x00000000e1600000|100%| O|  |TAMS 0x00000000e1500000| PB 0x00000000e1500000| Untracked |  0
|  22|0x00000000e1600000, 0x00000000e1700000, 0x00000000e1700000|100%| O|  |TAMS 0x00000000e1600000| PB 0x00000000e1600000| Untracked |  0
|  23|0x00000000e1700000, 0x00000000e1800000, 0x00000000e1800000|100%| O|  |TAMS 0x00000000e1700000| PB 0x00000000e1700000| Untracked |  0
|  24|0x00000000e1800000, 0x00000000e1900000, 0x00000000e1900000|100%| O|  |TAMS 0x00000000e1800000| PB 0x00000000e1800000| Untracked |  0
|  25|0x00000000e1900000, 0x00000000e1a00000, 0x00000000e1a00000|100%| O|  |TAMS 0x00000000e1900000| PB 0x00000000e1900000| Untracked |  0
|  26|0x00000000e1a00000, 0x00000000e1b00000, 0x00000000e1b00000|100%| O|  |TAMS 0x00000000e1a00000| PB 0x00000000e1a00000| Untracked |  0
|  27|0x00000000e1b00000, 0x00000000e1c00000, 0x00000000e1c00000|100%| O|  |TAMS 0x00000000e1b00000| PB 0x00000000e1b00000| Untracked |  0
|  28|0x00000000e1c00000, 0x00000000e1d00000, 0x00000000e1d00000|100%| O|  |TAMS 0x00000000e1c00000| PB 0x00000000e1c00000| Untracked |  0
|  29|0x00000000e1d00000, 0x00000000e1e00000, 0x00000000e1e00000|100%| O|  |TAMS 0x00000000e1d00000| PB 0x00000000e1d00000| Untracked |  0
|  30|0x00000000e1e00000, 0x00000000e1f00000, 0x00000000e1f00000|100%| O|  |TAMS 0x00000000e1e00000| PB 0x00000000e1e00000| Untracked |  0
|  31|0x00000000e1f00000, 0x00000000e2000000, 0x00000000e2000000|100%| O|  |TAMS 0x00000000e1f00000| PB 0x00000000e1f00000| Untracked |  0
|  32|0x00000000e2000000, 0x00000000e2100000, 0x00000000e2100000|100%| O|  |TAMS 0x00000000e2000000| PB 0x00000000e2000000| Untracked |  0
|  33|0x00000000e2100000, 0x00000000e2200000, 0x00000000e2200000|100%| O|  |TAMS 0x00000000e2100000| PB 0x00000000e2100000| Untracked |  0
|  34|0x00000000e2200000, 0x00000000e2300000, 0x00000000e2300000|100%| O|  |TAMS 0x00000000e2200000| PB 0x00000000e2200000| Untracked |  0
|  35|0x00000000e2300000, 0x00000000e2400000, 0x00000000e2400000|100%| O|  |TAMS 0x00000000e2300000| PB 0x00000000e2300000| Untracked |  0
|  36|0x00000000e2400000, 0x00000000e2500000, 0x00000000e2500000|100%| O|  |TAMS 0x00000000e2400000| PB 0x00000000e2400000| Untracked |  0
|  37|0x00000000e2500000, 0x00000000e2600000, 0x00000000e2600000|100%| O|  |TAMS 0x00000000e2500000| PB 0x00000000e2500000| Untracked |  0
|  38|0x00000000e2600000, 0x00000000e2700000, 0x00000000e2700000|100%| O|  |TAMS 0x00000000e2600000| PB 0x00000000e2600000| Untracked |  0
|  39|0x00000000e2700000, 0x00000000e2800000, 0x00000000e2800000|100%| O|  |TAMS 0x00000000e2700000| PB 0x00000000e2700000| Untracked |  0
|  40|0x00000000e2800000, 0x00000000e2900000, 0x00000000e2900000|100%| O|Cm|TAMS 0x00000000e2800000| PB 0x00000000e2800000| Complete |  0
|  41|0x00000000e2900000, 0x00000000e2a00000, 0x00000000e2a00000|100%| O|  |TAMS 0x00000000e2900000| PB 0x00000000e2900000| Untracked |  0
|  42|0x00000000e2a00000, 0x00000000e2b00000, 0x00000000e2b00000|100%| O|  |TAMS 0x00000000e2a00000| PB 0x00000000e2a00000| Untracked |  0
|  43|0x00000000e2b00000, 0x00000000e2c00000, 0x00000000e2c00000|100%| O|  |TAMS 0x00000000e2b00000| PB 0x00000000e2b00000| Untracked |  0
|  44|0x00000000e2c00000, 0x00000000e2d00000, 0x00000000e2d00000|100%| O|  |TAMS 0x00000000e2c00000| PB 0x00000000e2c00000| Untracked |  0
|  45|0x00000000e2d00000, 0x00000000e2e00000, 0x00000000e2e00000|100%| O|  |TAMS 0x00000000e2d00000| PB 0x00000000e2d00000| Untracked |  0
|  46|0x00000000e2e00000, 0x00000000e2f00000, 0x00000000e2f00000|100%| O|  |TAMS 0x00000000e2e00000| PB 0x00000000e2e00000| Untracked |  0
|  47|0x00000000e2f00000, 0x00000000e3000000, 0x00000000e3000000|100%| O|  |TAMS 0x00000000e2f00000| PB 0x00000000e2f00000| Untracked |  0
|  48|0x00000000e3000000, 0x00000000e3100000, 0x00000000e3100000|100%| O|  |TAMS 0x00000000e3000000| PB 0x00000000e3000000| Untracked |  0
|  49|0x00000000e3100000, 0x00000000e3200000, 0x00000000e3200000|100%| O|  |TAMS 0x00000000e3100000| PB 0x00000000e3100000| Untracked |  0
|  50|0x00000000e3200000, 0x00000000e3280000, 0x00000000e3300000| 50%| O|  |TAMS 0x00000000e3200000| PB 0x00000000e3200000| Untracked |  0
|  51|0x00000000e3300000, 0x00000000e3300000, 0x00000000e3400000|  0%| F|  |TAMS 0x00000000e3300000| PB 0x00000000e3300000| Untracked |  0
|  52|0x00000000e3400000, 0x00000000e3400000, 0x00000000e3500000|  0%| F|  |TAMS 0x00000000e3400000| PB 0x00000000e3400000| Untracked |  0
|  53|0x00000000e3500000, 0x00000000e3500000, 0x00000000e3600000|  0%| F|  |TAMS 0x00000000e3500000| PB 0x00000000e3500000| Untracked |  0
|  54|0x00000000e3600000, 0x00000000e3600000, 0x00000000e3700000|  0%| F|  |TAMS 0x00000000e3600000| PB 0x00000000e3600000| Untracked |  0
|  55|0x00000000e3700000, 0x00000000e3700000, 0x00000000e3800000|  0%| F|  |TAMS 0x00000000e3700000| PB 0x00000000e3700000| Untracked |  0
|  56|0x00000000e3800000, 0x00000000e3800000, 0x00000000e3900000|  0%| F|  |TAMS 0x00000000e3800000| PB 0x00000000e3800000| Untracked |  0
|  57|0x00000000e3900000, 0x00000000e3900000, 0x00000000e3a00000|  0%| F|  |TAMS 0x00000000e3900000| PB 0x00000000e3900000| Untracked |  0
|  58|0x00000000e3a00000, 0x00000000e3a00000, 0x00000000e3b00000|  0%| F|  |TAMS 0x00000000e3a00000| PB 0x00000000e3a00000| Untracked |  0
|  59|0x00000000e3b00000, 0x00000000e3b00000, 0x00000000e3c00000|  0%| F|  |TAMS 0x00000000e3b00000| PB 0x00000000e3b00000| Untracked |  0
|  60|0x00000000e3c00000, 0x00000000e3c00000, 0x00000000e3d00000|  0%| F|  |TAMS 0x00000000e3c00000| PB 0x00000000e3c00000| Untracked |  0
|  61|0x00000000e3d00000, 0x00000000e3d00000, 0x00000000e3e00000|  0%| F|  |TAMS 0x00000000e3d00000| PB 0x00000000e3d00000| Untracked |  0
|  62|0x00000000e3e00000, 0x00000000e3e00000, 0x00000000e3f00000|  0%| F|  |TAMS 0x00000000e3e00000| PB 0x00000000e3e00000| Untracked |  0
|  63|0x00000000e3f00000, 0x00000000e3f00000, 0x00000000e4000000|  0%| F|  |TAMS 0x00000000e3f00000| PB 0x00000000e3f00000| Untracked |  0
|  64|0x00000000e4000000, 0x00000000e4000000, 0x00000000e4100000|  0%| F|  |TAMS 0x00000000e4000000| PB 0x00000000e4000000| Untracked |  0
|  65|0x00000000e4100000, 0x00000000e4100000, 0x00000000e4200000|  0%| F|  |TAMS 0x00000000e4100000| PB 0x00000000e4100000| Untracked |  0
|  66|0x00000000e4200000, 0x00000000e4200000, 0x00000000e4300000|  0%| F|  |TAMS 0x00000000e4200000| PB 0x00000000e4200000| Untracked |  0
|  67|0x00000000e4300000, 0x00000000e4300000, 0x00000000e4400000|  0%| F|  |TAMS 0x00000000e4300000| PB 0x00000000e4300000| Untracked |  0
|  68|0x00000000e4400000, 0x00000000e4400000, 0x00000000e4500000|  0%| F|  |TAMS 0x00000000e4400000| PB 0x00000000e4400000| Untracked |  0
|  69|0x00000000e4500000, 0x00000000e4500000, 0x00000000e4600000|  0%| F|  |TAMS 0x00000000e4500000| PB 0x00000000e4500000| Untracked |  0
|  70|0x00000000e4600000, 0x00000000e4600000, 0x00000000e4700000|  0%| F|  |TAMS 0x00000000e4600000| PB 0x00000000e4600000| Untracked |  0
|  71|0x00000000e4700000, 0x00000000e4700000, 0x00000000e4800000|  0%| F|  |TAMS 0x00000000e4700000| PB 0x00000000e4700000| Untracked |  0
|  72|0x00000000e4800000, 0x00000000e4800000, 0x00000000e4900000|  0%| F|  |TAMS 0x00000000e4800000| PB 0x00000000e4800000| Untracked |  0
|  73|0x00000000e4900000, 0x00000000e4900000, 0x00000000e4a00000|  0%| F|  |TAMS 0x00000000e4900000| PB 0x00000000e4900000| Untracked |  0
|  74|0x00000000e4a00000, 0x00000000e4a00000, 0x00000000e4b00000|  0%| F|  |TAMS 0x00000000e4a00000| PB 0x00000000e4a00000| Untracked |  0
|  75|0x00000000e4b00000, 0x00000000e4b00000, 0x00000000e4c00000|  0%| F|  |TAMS 0x00000000e4b00000| PB 0x00000000e4b00000| Untracked |  0
|  76|0x00000000e4c00000, 0x00000000e4c00000, 0x00000000e4d00000|  0%| F|  |TAMS 0x00000000e4c00000| PB 0x00000000e4c00000| Untracked |  0
|  77|0x00000000e4d00000, 0x00000000e4d00000, 0x00000000e4e00000|  0%| F|  |TAMS 0x00000000e4d00000| PB 0x00000000e4d00000| Untracked |  0
|  78|0x00000000e4e00000, 0x00000000e4e00000, 0x00000000e4f00000|  0%| F|  |TAMS 0x00000000e4e00000| PB 0x00000000e4e00000| Untracked |  0
|  79|0x00000000e4f00000, 0x00000000e4f00000, 0x00000000e5000000|  0%| F|  |TAMS 0x00000000e4f00000| PB 0x00000000e4f00000| Untracked |  0
|  80|0x00000000e5000000, 0x00000000e5000000, 0x00000000e5100000|  0%| F|  |TAMS 0x00000000e5000000| PB 0x00000000e5000000| Untracked |  0
|  81|0x00000000e5100000, 0x00000000e5100000, 0x00000000e5200000|  0%| F|  |TAMS 0x00000000e5100000| PB 0x00000000e5100000| Untracked |  0
|  82|0x00000000e5200000, 0x00000000e5200000, 0x00000000e5300000|  0%| F|  |TAMS 0x00000000e5200000| PB 0x00000000e5200000| Untracked |  0
|  83|0x00000000e5300000, 0x00000000e5300000, 0x00000000e5400000|  0%| F|  |TAMS 0x00000000e5300000| PB 0x00000000e5300000| Untracked |  0
|  84|0x00000000e5400000, 0x00000000e5400000, 0x00000000e5500000|  0%| F|  |TAMS 0x00000000e5400000| PB 0x00000000e5400000| Untracked |  0
|  85|0x00000000e5500000, 0x00000000e5500000, 0x00000000e5600000|  0%| F|  |TAMS 0x00000000e5500000| PB 0x00000000e5500000| Untracked |  0
|  86|0x00000000e5600000, 0x00000000e5600000, 0x00000000e5700000|  0%| F|  |TAMS 0x00000000e5600000| PB 0x00000000e5600000| Untracked |  0
|  87|0x00000000e5700000, 0x00000000e5700000, 0x00000000e5800000|  0%| F|  |TAMS 0x00000000e5700000| PB 0x00000000e5700000| Untracked |  0
|  88|0x00000000e5800000, 0x00000000e5800000, 0x00000000e5900000|  0%| F|  |TAMS 0x00000000e5800000| PB 0x00000000e5800000| Untracked |  0
|  89|0x00000000e5900000, 0x00000000e5900000, 0x00000000e5a00000|  0%| F|  |TAMS 0x00000000e5900000| PB 0x00000000e5900000| Untracked |  0
|  90|0x00000000e5a00000, 0x00000000e5a00000, 0x00000000e5b00000|  0%| F|  |TAMS 0x00000000e5a00000| PB 0x00000000e5a00000| Untracked |  0
|  91|0x00000000e5b00000, 0x00000000e5b00000, 0x00000000e5c00000|  0%| F|  |TAMS 0x00000000e5b00000| PB 0x00000000e5b00000| Untracked |  0
|  92|0x00000000e5c00000, 0x00000000e5c00000, 0x00000000e5d00000|  0%| F|  |TAMS 0x00000000e5c00000| PB 0x00000000e5c00000| Untracked |  0
|  93|0x00000000e5d00000, 0x00000000e5d00000, 0x00000000e5e00000|  0%| F|  |TAMS 0x00000000e5d00000| PB 0x00000000e5d00000| Untracked |  0
|  94|0x00000000e5e00000, 0x00000000e5e00000, 0x00000000e5f00000|  0%| F|  |TAMS 0x00000000e5e00000| PB 0x00000000e5e00000| Untracked |  0
|  95|0x00000000e5f00000, 0x00000000e5f00000, 0x00000000e6000000|  0%| F|  |TAMS 0x00000000e5f00000| PB 0x00000000e5f00000| Untracked |  0
|  96|0x00000000e6000000, 0x00000000e6000000, 0x00000000e6100000|  0%| F|  |TAMS 0x00000000e6000000| PB 0x00000000e6000000| Untracked |  0
|  97|0x00000000e6100000, 0x00000000e6100000, 0x00000000e6200000|  0%| F|  |TAMS 0x00000000e6100000| PB 0x00000000e6100000| Untracked |  0
|  98|0x00000000e6200000, 0x00000000e6200000, 0x00000000e6300000|  0%| F|  |TAMS 0x00000000e6200000| PB 0x00000000e6200000| Untracked |  0
|  99|0x00000000e6300000, 0x00000000e6300000, 0x00000000e6400000|  0%| F|  |TAMS 0x00000000e6300000| PB 0x00000000e6300000| Untracked |  0
| 100|0x00000000e6400000, 0x00000000e6400000, 0x00000000e6500000|  0%| F|  |TAMS 0x00000000e6400000| PB 0x00000000e6400000| Untracked |  0
| 101|0x00000000e6500000, 0x00000000e6500000, 0x00000000e6600000|  0%| F|  |TAMS 0x00000000e6500000| PB 0x00000000e6500000| Untracked |  0
| 102|0x00000000e6600000, 0x00000000e6600000, 0x00000000e6700000|  0%| F|  |TAMS 0x00000000e6600000| PB 0x00000000e6600000| Untracked |  0
| 103|0x00000000e6700000, 0x00000000e6700000, 0x00000000e6800000|  0%| F|  |TAMS 0x00000000e6700000| PB 0x00000000e6700000| Untracked |  0
| 104|0x00000000e6800000, 0x00000000e6800000, 0x00000000e6900000|  0%| F|  |TAMS 0x00000000e6800000| PB 0x00000000e6800000| Untracked |  0
| 105|0x00000000e6900000, 0x00000000e6900000, 0x00000000e6a00000|  0%| F|  |TAMS 0x00000000e6900000| PB 0x00000000e6900000| Untracked |  0
| 106|0x00000000e6a00000, 0x00000000e6a00000, 0x00000000e6b00000|  0%| F|  |TAMS 0x00000000e6a00000| PB 0x00000000e6a00000| Untracked |  0
| 107|0x00000000e6b00000, 0x00000000e6b00000, 0x00000000e6c00000|  0%| F|  |TAMS 0x00000000e6b00000| PB 0x00000000e6b00000| Untracked |  0
| 108|0x00000000e6c00000, 0x00000000e6c00000, 0x00000000e6d00000|  0%| F|  |TAMS 0x00000000e6c00000| PB 0x00000000e6c00000| Untracked |  0
| 109|0x00000000e6d00000, 0x00000000e6d00000, 0x00000000e6e00000|  0%| F|  |TAMS 0x00000000e6d00000| PB 0x00000000e6d00000| Untracked |  0
| 110|0x00000000e6e00000, 0x00000000e6e00000, 0x00000000e6f00000|  0%| F|  |TAMS 0x00000000e6e00000| PB 0x00000000e6e00000| Untracked |  0
| 111|0x00000000e6f00000, 0x00000000e6f00000, 0x00000000e7000000|  0%| F|  |TAMS 0x00000000e6f00000| PB 0x00000000e6f00000| Untracked |  0
| 112|0x00000000e7000000, 0x00000000e7000000, 0x00000000e7100000|  0%| F|  |TAMS 0x00000000e7000000| PB 0x00000000e7000000| Untracked |  0
| 113|0x00000000e7100000, 0x00000000e7100000, 0x00000000e7200000|  0%| F|  |TAMS 0x00000000e7100000| PB 0x00000000e7100000| Untracked |  0
| 114|0x00000000e7200000, 0x00000000e7200000, 0x00000000e7300000|  0%| F|  |TAMS 0x00000000e7200000| PB 0x00000000e7200000| Untracked |  0
| 115|0x00000000e7300000, 0x00000000e7300000, 0x00000000e7400000|  0%| F|  |TAMS 0x00000000e7300000| PB 0x00000000e7300000| Untracked |  0
| 116|0x00000000e7400000, 0x00000000e7400000, 0x00000000e7500000|  0%| F|  |TAMS 0x00000000e7400000| PB 0x00000000e7400000| Untracked |  0
| 117|0x00000000e7500000, 0x00000000e7500000, 0x00000000e7600000|  0%| F|  |TAMS 0x00000000e7500000| PB 0x00000000e7500000| Untracked |  0
| 118|0x00000000e7600000, 0x00000000e7600000, 0x00000000e7700000|  0%| F|  |TAMS 0x00000000e7600000| PB 0x00000000e7600000| Untracked |  0
| 119|0x00000000e7700000, 0x00000000e7700000, 0x00000000e7800000|  0%| F|  |TAMS 0x00000000e7700000| PB 0x00000000e7700000| Untracked |  0
| 120|0x00000000e7800000, 0x00000000e7800000, 0x00000000e7900000|  0%| F|  |TAMS 0x00000000e7800000| PB 0x00000000e7800000| Untracked |  0
| 121|0x00000000e7900000, 0x00000000e7900000, 0x00000000e7a00000|  0%| F|  |TAMS 0x00000000e7900000| PB 0x00000000e7900000| Untracked |  0
| 122|0x00000000e7a00000, 0x00000000e7a00000, 0x00000000e7b00000|  0%| F|  |TAMS 0x00000000e7a00000| PB 0x00000000e7a00000| Untracked |  0
| 123|0x00000000e7b00000, 0x00000000e7b00000, 0x00000000e7c00000|  0%| F|  |TAMS 0x00000000e7b00000| PB 0x00000000e7b00000| Untracked |  0
| 124|0x00000000e7c00000, 0x00000000e7c00000, 0x00000000e7d00000|  0%| F|  |TAMS 0x00000000e7c00000| PB 0x00000000e7c00000| Untracked |  0
| 125|0x00000000e7d00000, 0x00000000e7d00000, 0x00000000e7e00000|  0%| F|  |TAMS 0x00000000e7d00000| PB 0x00000000e7d00000| Untracked |  0
| 126|0x00000000e7e00000, 0x00000000e7e00000, 0x00000000e7f00000|  0%| F|  |TAMS 0x00000000e7e00000| PB 0x00000000e7e00000| Untracked |  0
| 127|0x00000000e7f00000, 0x00000000e7f00000, 0x00000000e8000000|  0%| F|  |TAMS 0x00000000e7f00000| PB 0x00000000e7f00000| Untracked |  0
| 128|0x00000000e8000000, 0x00000000e8000000, 0x00000000e8100000|  0%| F|  |TAMS 0x00000000e8000000| PB 0x00000000e8000000| Untracked |  0
| 129|0x00000000e8100000, 0x00000000e8100000, 0x00000000e8200000|  0%| F|  |TAMS 0x00000000e8100000| PB 0x00000000e8100000| Untracked |  0
| 130|0x00000000e8200000, 0x00000000e8200000, 0x00000000e8300000|  0%| F|  |TAMS 0x00000000e8200000| PB 0x00000000e8200000| Untracked |  0
| 131|0x00000000e8300000, 0x00000000e8300000, 0x00000000e8400000|  0%| F|  |TAMS 0x00000000e8300000| PB 0x00000000e8300000| Untracked |  0
| 132|0x00000000e8400000, 0x00000000e8400000, 0x00000000e8500000|  0%| F|  |TAMS 0x00000000e8400000| PB 0x00000000e8400000| Untracked |  0
| 133|0x00000000e8500000, 0x00000000e8500000, 0x00000000e8600000|  0%| F|  |TAMS 0x00000000e8500000| PB 0x00000000e8500000| Untracked |  0
| 134|0x00000000e8600000, 0x00000000e8600000, 0x00000000e8700000|  0%| F|  |TAMS 0x00000000e8600000| PB 0x00000000e8600000| Untracked |  0
| 135|0x00000000e8700000, 0x00000000e8700000, 0x00000000e8800000|  0%| F|  |TAMS 0x00000000e8700000| PB 0x00000000e8700000| Untracked |  0
| 136|0x00000000e8800000, 0x00000000e8800000, 0x00000000e8900000|  0%| F|  |TAMS 0x00000000e8800000| PB 0x00000000e8800000| Untracked |  0
| 137|0x00000000e8900000, 0x00000000e8900000, 0x00000000e8a00000|  0%| F|  |TAMS 0x00000000e8900000| PB 0x00000000e8900000| Untracked |  0
| 138|0x00000000e8a00000, 0x00000000e8a00000, 0x00000000e8b00000|  0%| F|  |TAMS 0x00000000e8a00000| PB 0x00000000e8a00000| Untracked |  0
| 139|0x00000000e8b00000, 0x00000000e8b00000, 0x00000000e8c00000|  0%| F|  |TAMS 0x00000000e8b00000| PB 0x00000000e8b00000| Untracked |  0
| 140|0x00000000e8c00000, 0x00000000e8c00000, 0x00000000e8d00000|  0%| F|  |TAMS 0x00000000e8c00000| PB 0x00000000e8c00000| Untracked |  0
| 141|0x00000000e8d00000, 0x00000000e8d00000, 0x00000000e8e00000|  0%| F|  |TAMS 0x00000000e8d00000| PB 0x00000000e8d00000| Untracked |  0
| 142|0x00000000e8e00000, 0x00000000e8e00000, 0x00000000e8f00000|  0%| F|  |TAMS 0x00000000e8e00000| PB 0x00000000e8e00000| Untracked |  0
| 143|0x00000000e8f00000, 0x00000000e8f00000, 0x00000000e9000000|  0%| F|  |TAMS 0x00000000e8f00000| PB 0x00000000e8f00000| Untracked |  0
| 144|0x00000000e9000000, 0x00000000e9000000, 0x00000000e9100000|  0%| F|  |TAMS 0x00000000e9000000| PB 0x00000000e9000000| Untracked |  0
| 145|0x00000000e9100000, 0x00000000e9100000, 0x00000000e9200000|  0%| F|  |TAMS 0x00000000e9100000| PB 0x00000000e9100000| Untracked |  0
| 146|0x00000000e9200000, 0x00000000e9200000, 0x00000000e9300000|  0%| F|  |TAMS 0x00000000e9200000| PB 0x00000000e9200000| Untracked |  0
| 147|0x00000000e9300000, 0x00000000e9300000, 0x00000000e9400000|  0%| F|  |TAMS 0x00000000e9300000| PB 0x00000000e9300000| Untracked |  0
| 148|0x00000000e9400000, 0x00000000e9400000, 0x00000000e9500000|  0%| F|  |TAMS 0x00000000e9400000| PB 0x00000000e9400000| Untracked |  0
| 149|0x00000000e9500000, 0x00000000e9500000, 0x00000000e9600000|  0%| F|  |TAMS 0x00000000e9500000| PB 0x00000000e9500000| Untracked |  0
| 150|0x00000000e9600000, 0x00000000e9600000, 0x00000000e9700000|  0%| F|  |TAMS 0x00000000e9600000| PB 0x00000000e9600000| Untracked |  0
| 151|0x00000000e9700000, 0x00000000e9700000, 0x00000000e9800000|  0%| F|  |TAMS 0x00000000e9700000| PB 0x00000000e9700000| Untracked |  0
| 152|0x00000000e9800000, 0x00000000e9800000, 0x00000000e9900000|  0%| F|  |TAMS 0x00000000e9800000| PB 0x00000000e9800000| Untracked |  0
| 153|0x00000000e9900000, 0x00000000e9900000, 0x00000000e9a00000|  0%| F|  |TAMS 0x00000000e9900000| PB 0x00000000e9900000| Untracked |  0
| 154|0x00000000e9a00000, 0x00000000e9a00000, 0x00000000e9b00000|  0%| F|  |TAMS 0x00000000e9a00000| PB 0x00000000e9a00000| Untracked |  0
| 155|0x00000000e9b00000, 0x00000000e9b00000, 0x00000000e9c00000|  0%| F|  |TAMS 0x00000000e9b00000| PB 0x00000000e9b00000| Untracked |  0
| 156|0x00000000e9c00000, 0x00000000e9c00000, 0x00000000e9d00000|  0%| F|  |TAMS 0x00000000e9c00000| PB 0x00000000e9c00000| Untracked |  0
| 157|0x00000000e9d00000, 0x00000000e9d00000, 0x00000000e9e00000|  0%| F|  |TAMS 0x00000000e9d00000| PB 0x00000000e9d00000| Untracked |  0
| 158|0x00000000e9e00000, 0x00000000e9e00000, 0x00000000e9f00000|  0%| F|  |TAMS 0x00000000e9e00000| PB 0x00000000e9e00000| Untracked |  0
| 159|0x00000000e9f00000, 0x00000000e9f00000, 0x00000000ea000000|  0%| F|  |TAMS 0x00000000e9f00000| PB 0x00000000e9f00000| Untracked |  0
| 160|0x00000000ea000000, 0x00000000ea000000, 0x00000000ea100000|  0%| F|  |TAMS 0x00000000ea000000| PB 0x00000000ea000000| Untracked |  0
| 161|0x00000000ea100000, 0x00000000ea100000, 0x00000000ea200000|  0%| F|  |TAMS 0x00000000ea100000| PB 0x00000000ea100000| Untracked |  0
| 162|0x00000000ea200000, 0x00000000ea280000, 0x00000000ea300000| 50%| E|  |TAMS 0x00000000ea200000| PB 0x00000000ea200000| Complete |  0
| 163|0x00000000ea300000, 0x00000000ea400000, 0x00000000ea400000|100%| E|CS|TAMS 0x00000000ea300000| PB 0x00000000ea300000| Complete |  0
| 164|0x00000000ea400000, 0x00000000ea500000, 0x00000000ea500000|100%| E|CS|TAMS 0x00000000ea400000| PB 0x00000000ea400000| Complete |  0
| 165|0x00000000ea500000, 0x00000000ea600000, 0x00000000ea600000|100%| E|CS|TAMS 0x00000000ea500000| PB 0x00000000ea500000| Complete |  0
| 166|0x00000000ea600000, 0x00000000ea700000, 0x00000000ea700000|100%| E|CS|TAMS 0x00000000ea600000| PB 0x00000000ea600000| Complete |  0
| 167|0x00000000ea700000, 0x00000000ea800000, 0x00000000ea800000|100%| E|CS|TAMS 0x00000000ea700000| PB 0x00000000ea700000| Complete |  0
| 168|0x00000000ea800000, 0x00000000ea900000, 0x00000000ea900000|100%| E|CS|TAMS 0x00000000ea800000| PB 0x00000000ea800000| Complete |  0
| 169|0x00000000ea900000, 0x00000000eaa00000, 0x00000000eaa00000|100%| E|CS|TAMS 0x00000000ea900000| PB 0x00000000ea900000| Complete |  0
| 170|0x00000000eaa00000, 0x00000000eab00000, 0x00000000eab00000|100%| E|CS|TAMS 0x00000000eaa00000| PB 0x00000000eaa00000| Complete |  0
| 171|0x00000000eab00000, 0x00000000eac00000, 0x00000000eac00000|100%| E|CS|TAMS 0x00000000eab00000| PB 0x00000000eab00000| Complete |  0
| 172|0x00000000eac00000, 0x00000000ead00000, 0x00000000ead00000|100%| E|CS|TAMS 0x00000000eac00000| PB 0x00000000eac00000| Complete |  0
| 173|0x00000000ead00000, 0x00000000eae00000, 0x00000000eae00000|100%| E|CS|TAMS 0x00000000ead00000| PB 0x00000000ead00000| Complete |  0
| 174|0x00000000eae00000, 0x00000000eaf00000, 0x00000000eaf00000|100%| E|CS|TAMS 0x00000000eae00000| PB 0x00000000eae00000| Complete |  0
| 175|0x00000000eaf00000, 0x00000000eb000000, 0x00000000eb000000|100%| E|CS|TAMS 0x00000000eaf00000| PB 0x00000000eaf00000| Complete |  0
| 176|0x00000000eb000000, 0x00000000eb100000, 0x00000000eb100000|100%| E|CS|TAMS 0x00000000eb000000| PB 0x00000000eb000000| Complete |  0
| 177|0x00000000eb100000, 0x00000000eb200000, 0x00000000eb200000|100%| E|CS|TAMS 0x00000000eb100000| PB 0x00000000eb100000| Complete |  0
| 178|0x00000000eb200000, 0x00000000eb300000, 0x00000000eb300000|100%| E|CS|TAMS 0x00000000eb200000| PB 0x00000000eb200000| Complete |  0
| 179|0x00000000eb300000, 0x00000000eb400000, 0x00000000eb400000|100%| E|CS|TAMS 0x00000000eb300000| PB 0x00000000eb300000| Complete |  0
| 180|0x00000000eb400000, 0x00000000eb500000, 0x00000000eb500000|100%| E|CS|TAMS 0x00000000eb400000| PB 0x00000000eb400000| Complete |  0
| 181|0x00000000eb500000, 0x00000000eb600000, 0x00000000eb600000|100%| E|CS|TAMS 0x00000000eb500000| PB 0x00000000eb500000| Complete |  0
| 182|0x00000000eb600000, 0x00000000eb700000, 0x00000000eb700000|100%| E|CS|TAMS 0x00000000eb600000| PB 0x00000000eb600000| Complete |  0
| 183|0x00000000eb700000, 0x00000000eb800000, 0x00000000eb800000|100%| E|CS|TAMS 0x00000000eb700000| PB 0x00000000eb700000| Complete |  0
| 184|0x00000000eb800000, 0x00000000eb900000, 0x00000000eb900000|100%| E|CS|TAMS 0x00000000eb800000| PB 0x00000000eb800000| Complete |  0
| 185|0x00000000eb900000, 0x00000000eba00000, 0x00000000eba00000|100%| E|CS|TAMS 0x00000000eb900000| PB 0x00000000eb900000| Complete |  0
| 186|0x00000000eba00000, 0x00000000ebb00000, 0x00000000ebb00000|100%| E|CS|TAMS 0x00000000eba00000| PB 0x00000000eba00000| Complete |  0
| 187|0x00000000ebb00000, 0x00000000ebc00000, 0x00000000ebc00000|100%| E|CS|TAMS 0x00000000ebb00000| PB 0x00000000ebb00000| Complete |  0
| 188|0x00000000ebc00000, 0x00000000ebd00000, 0x00000000ebd00000|100%| E|CS|TAMS 0x00000000ebc00000| PB 0x00000000ebc00000| Complete |  0
| 189|0x00000000ebd00000, 0x00000000ebe00000, 0x00000000ebe00000|100%| E|CS|TAMS 0x00000000ebd00000| PB 0x00000000ebd00000| Complete |  0
| 190|0x00000000ebe00000, 0x00000000ebf00000, 0x00000000ebf00000|100%| E|CS|TAMS 0x00000000ebe00000| PB 0x00000000ebe00000| Complete |  0
| 191|0x00000000ebf00000, 0x00000000ec000000, 0x00000000ec000000|100%| E|CS|TAMS 0x00000000ebf00000| PB 0x00000000ebf00000| Complete |  0
| 192|0x00000000ec000000, 0x00000000ec100000, 0x00000000ec100000|100%| E|CS|TAMS 0x00000000ec000000| PB 0x00000000ec000000| Complete |  0
| 193|0x00000000ec100000, 0x00000000ec200000, 0x00000000ec200000|100%| E|CS|TAMS 0x00000000ec100000| PB 0x00000000ec100000| Complete |  0
| 194|0x00000000ec200000, 0x00000000ec300000, 0x00000000ec300000|100%| E|CS|TAMS 0x00000000ec200000| PB 0x00000000ec200000| Complete |  0
| 195|0x00000000ec300000, 0x00000000ec400000, 0x00000000ec400000|100%| E|CS|TAMS 0x00000000ec300000| PB 0x00000000ec300000| Complete |  0
| 196|0x00000000ec400000, 0x00000000ec500000, 0x00000000ec500000|100%| E|CS|TAMS 0x00000000ec400000| PB 0x00000000ec400000| Complete |  0
| 197|0x00000000ec500000, 0x00000000ec600000, 0x00000000ec600000|100%| E|CS|TAMS 0x00000000ec500000| PB 0x00000000ec500000| Complete |  0
| 198|0x00000000ec600000, 0x00000000ec700000, 0x00000000ec700000|100%| E|CS|TAMS 0x00000000ec600000| PB 0x00000000ec600000| Complete |  0
| 199|0x00000000ec700000, 0x00000000ec800000, 0x00000000ec800000|100%| E|CS|TAMS 0x00000000ec700000| PB 0x00000000ec700000| Complete |  0
| 200|0x00000000ec800000, 0x00000000ec900000, 0x00000000ec900000|100%| E|CS|TAMS 0x00000000ec800000| PB 0x00000000ec800000| Complete |  0
| 201|0x00000000ec900000, 0x00000000eca00000, 0x00000000eca00000|100%| E|CS|TAMS 0x00000000ec900000| PB 0x00000000ec900000| Complete |  0
| 202|0x00000000eca00000, 0x00000000ecb00000, 0x00000000ecb00000|100%| E|CS|TAMS 0x00000000eca00000| PB 0x00000000eca00000| Complete |  0
| 203|0x00000000ecb00000, 0x00000000ecc00000, 0x00000000ecc00000|100%| E|CS|TAMS 0x00000000ecb00000| PB 0x00000000ecb00000| Complete |  0
| 204|0x00000000ecc00000, 0x00000000ecd00000, 0x00000000ecd00000|100%| E|CS|TAMS 0x00000000ecc00000| PB 0x00000000ecc00000| Complete |  0
| 205|0x00000000ecd00000, 0x00000000ece00000, 0x00000000ece00000|100%| E|CS|TAMS 0x00000000ecd00000| PB 0x00000000ecd00000| Complete |  0
| 206|0x00000000ece00000, 0x00000000ecf00000, 0x00000000ecf00000|100%| E|CS|TAMS 0x00000000ece00000| PB 0x00000000ece00000| Complete |  0
| 207|0x00000000ecf00000, 0x00000000ed000000, 0x00000000ed000000|100%| E|CS|TAMS 0x00000000ecf00000| PB 0x00000000ecf00000| Complete |  0
| 208|0x00000000ed000000, 0x00000000ed100000, 0x00000000ed100000|100%| E|CS|TAMS 0x00000000ed000000| PB 0x00000000ed000000| Complete |  0
| 209|0x00000000ed100000, 0x00000000ed200000, 0x00000000ed200000|100%| E|CS|TAMS 0x00000000ed100000| PB 0x00000000ed100000| Complete |  0
| 210|0x00000000ed200000, 0x00000000ed300000, 0x00000000ed300000|100%| E|CS|TAMS 0x00000000ed200000| PB 0x00000000ed200000| Complete |  0
| 211|0x00000000ed300000, 0x00000000ed400000, 0x00000000ed400000|100%| E|CS|TAMS 0x00000000ed300000| PB 0x00000000ed300000| Complete |  0
| 212|0x00000000ed400000, 0x00000000ed500000, 0x00000000ed500000|100%| E|CS|TAMS 0x00000000ed400000| PB 0x00000000ed400000| Complete |  0
| 213|0x00000000ed500000, 0x00000000ed600000, 0x00000000ed600000|100%| E|CS|TAMS 0x00000000ed500000| PB 0x00000000ed500000| Complete |  0
| 214|0x00000000ed600000, 0x00000000ed700000, 0x00000000ed700000|100%| E|CS|TAMS 0x00000000ed600000| PB 0x00000000ed600000| Complete |  0
| 215|0x00000000ed700000, 0x00000000ed800000, 0x00000000ed800000|100%| E|CS|TAMS 0x00000000ed700000| PB 0x00000000ed700000| Complete |  0
| 216|0x00000000ed800000, 0x00000000ed900000, 0x00000000ed900000|100%| E|CS|TAMS 0x00000000ed800000| PB 0x00000000ed800000| Complete |  0
| 217|0x00000000ed900000, 0x00000000eda00000, 0x00000000eda00000|100%| E|CS|TAMS 0x00000000ed900000| PB 0x00000000ed900000| Complete |  0
| 218|0x00000000eda00000, 0x00000000edb00000, 0x00000000edb00000|100%| E|CS|TAMS 0x00000000eda00000| PB 0x00000000eda00000| Complete |  0
| 219|0x00000000edb00000, 0x00000000edc00000, 0x00000000edc00000|100%| E|CS|TAMS 0x00000000edb00000| PB 0x00000000edb00000| Complete |  0
| 220|0x00000000edc00000, 0x00000000edd00000, 0x00000000edd00000|100%| E|CS|TAMS 0x00000000edc00000| PB 0x00000000edc00000| Complete |  0
| 221|0x00000000edd00000, 0x00000000ede00000, 0x00000000ede00000|100%| E|CS|TAMS 0x00000000edd00000| PB 0x00000000edd00000| Complete |  0
| 222|0x00000000ede00000, 0x00000000edf00000, 0x00000000edf00000|100%| E|CS|TAMS 0x00000000ede00000| PB 0x00000000ede00000| Complete |  0
| 223|0x00000000edf00000, 0x00000000ee000000, 0x00000000ee000000|100%| E|CS|TAMS 0x00000000edf00000| PB 0x00000000edf00000| Complete |  0
| 224|0x00000000ee000000, 0x00000000ee100000, 0x00000000ee100000|100%| E|CS|TAMS 0x00000000ee000000| PB 0x00000000ee000000| Complete |  0
| 225|0x00000000ee100000, 0x00000000ee200000, 0x00000000ee200000|100%| E|CS|TAMS 0x00000000ee100000| PB 0x00000000ee100000| Complete |  0
| 226|0x00000000ee200000, 0x00000000ee300000, 0x00000000ee300000|100%| E|CS|TAMS 0x00000000ee200000| PB 0x00000000ee200000| Complete |  0
| 227|0x00000000ee300000, 0x00000000ee400000, 0x00000000ee400000|100%| E|CS|TAMS 0x00000000ee300000| PB 0x00000000ee300000| Complete |  0
| 228|0x00000000ee400000, 0x00000000ee500000, 0x00000000ee500000|100%| E|CS|TAMS 0x00000000ee400000| PB 0x00000000ee400000| Complete |  0
| 229|0x00000000ee500000, 0x00000000ee600000, 0x00000000ee600000|100%| E|CS|TAMS 0x00000000ee500000| PB 0x00000000ee500000| Complete |  0
| 230|0x00000000ee600000, 0x00000000ee700000, 0x00000000ee700000|100%| E|CS|TAMS 0x00000000ee600000| PB 0x00000000ee600000| Complete |  0
| 231|0x00000000ee700000, 0x00000000ee800000, 0x00000000ee800000|100%| E|CS|TAMS 0x00000000ee700000| PB 0x00000000ee700000| Complete |  0
| 232|0x00000000ee800000, 0x00000000ee900000, 0x00000000ee900000|100%| E|CS|TAMS 0x00000000ee800000| PB 0x00000000ee800000| Complete |  0
| 233|0x00000000ee900000, 0x00000000eea00000, 0x00000000eea00000|100%| E|CS|TAMS 0x00000000ee900000| PB 0x00000000ee900000| Complete |  0
| 234|0x00000000eea00000, 0x00000000eeb00000, 0x00000000eeb00000|100%| E|CS|TAMS 0x00000000eea00000| PB 0x00000000eea00000| Complete |  0
| 235|0x00000000eeb00000, 0x00000000eec00000, 0x00000000eec00000|100%| E|CS|TAMS 0x00000000eeb00000| PB 0x00000000eeb00000| Complete |  0
| 236|0x00000000eec00000, 0x00000000eed00000, 0x00000000eed00000|100%| E|CS|TAMS 0x00000000eec00000| PB 0x00000000eec00000| Complete |  0
| 237|0x00000000eed00000, 0x00000000eee00000, 0x00000000eee00000|100%| E|CS|TAMS 0x00000000eed00000| PB 0x00000000eed00000| Complete |  0
| 238|0x00000000eee00000, 0x00000000eef00000, 0x00000000eef00000|100%| E|CS|TAMS 0x00000000eee00000| PB 0x00000000eee00000| Complete |  0
| 239|0x00000000eef00000, 0x00000000ef000000, 0x00000000ef000000|100%| E|CS|TAMS 0x00000000eef00000| PB 0x00000000eef00000| Complete |  0
| 240|0x00000000ef000000, 0x00000000ef100000, 0x00000000ef100000|100%| E|CS|TAMS 0x00000000ef000000| PB 0x00000000ef000000| Complete |  0
| 241|0x00000000ef100000, 0x00000000ef200000, 0x00000000ef200000|100%| E|CS|TAMS 0x00000000ef100000| PB 0x00000000ef100000| Complete |  0
| 242|0x00000000ef200000, 0x00000000ef300000, 0x00000000ef300000|100%| E|CS|TAMS 0x00000000ef200000| PB 0x00000000ef200000| Complete |  0
| 243|0x00000000ef300000, 0x00000000ef400000, 0x00000000ef400000|100%| E|CS|TAMS 0x00000000ef300000| PB 0x00000000ef300000| Complete |  0
| 244|0x00000000ef400000, 0x00000000ef500000, 0x00000000ef500000|100%| E|CS|TAMS 0x00000000ef400000| PB 0x00000000ef400000| Complete |  0
| 245|0x00000000ef500000, 0x00000000ef600000, 0x00000000ef600000|100%| E|CS|TAMS 0x00000000ef500000| PB 0x00000000ef500000| Complete |  0
| 246|0x00000000ef600000, 0x00000000ef700000, 0x00000000ef700000|100%| S|CS|TAMS 0x00000000ef600000| PB 0x00000000ef600000| Complete |  0
| 247|0x00000000ef700000, 0x00000000ef800000, 0x00000000ef800000|100%| S|CS|TAMS 0x00000000ef700000| PB 0x00000000ef700000| Complete |  0
| 248|0x00000000ef800000, 0x00000000ef900000, 0x00000000ef900000|100%| E|CS|TAMS 0x00000000ef800000| PB 0x00000000ef800000| Complete |  0
| 249|0x00000000ef900000, 0x00000000efa00000, 0x00000000efa00000|100%| E|CS|TAMS 0x00000000ef900000| PB 0x00000000ef900000| Complete |  0
| 250|0x00000000efa00000, 0x00000000efb00000, 0x00000000efb00000|100%| E|CS|TAMS 0x00000000efa00000| PB 0x00000000efa00000| Complete |  0
| 251|0x00000000efb00000, 0x00000000efc00000, 0x00000000efc00000|100%| E|CS|TAMS 0x00000000efb00000| PB 0x00000000efb00000| Complete |  0
| 252|0x00000000efc00000, 0x00000000efd00000, 0x00000000efd00000|100%| E|CS|TAMS 0x00000000efc00000| PB 0x00000000efc00000| Complete |  0
| 253|0x00000000efd00000, 0x00000000efe00000, 0x00000000efe00000|100%| E|  |TAMS 0x00000000efd00000| PB 0x00000000efd00000| Complete |  0
| 254|0x00000000efe00000, 0x00000000eff00000, 0x00000000eff00000|100%| E|CS|TAMS 0x00000000efe00000| PB 0x00000000efe00000| Complete |  0
| 255|0x00000000eff00000, 0x00000000f0000000, 0x00000000f0000000|100%| E|CS|TAMS 0x00000000eff00000| PB 0x00000000eff00000| Complete |  0

Card table byte_map: [0x000001fbeb6b0000,0x000001fbeb7b0000] _byte_map_base: 0x000001fbeafb0000

Marking Bits: (CMBitMap*) 0x000001fbd248dad0
 Bits: [0x000001fbeb7b0000, 0x000001fbebfb0000)

Polling page: 0x000001fbd2520000

Metaspace:

Usage:
  Non-class:     55.10 MB used.
      Class:      9.21 MB used.
       Both:     64.31 MB used.

Virtual space:
  Non-class space:       64.00 MB reserved,      56.19 MB ( 88%) committed,  1 nodes.
      Class space:      320.00 MB reserved,      10.19 MB (  3%) committed,  1 nodes.
             Both:      384.00 MB reserved,      66.38 MB ( 17%) committed. 

Chunk freelists:
   Non-Class:  7.41 MB
       Class:  5.84 MB
        Both:  13.25 MB

MaxMetaspaceSize: 384.00 MB
CompressedClassSpaceSize: 320.00 MB
Initial GC threshold: 21.00 MB
Current GC threshold: 98.69 MB
CDS: on
 - commit_granule_bytes: 65536.
 - commit_granule_words: 8192.
 - virtual_space_node_default_size: 8388608.
 - enlarge_chunks_in_place: 1.
 - use_allocation_guard: 0.


Internal statistics:

num_allocs_failed_limit: 12.
num_arena_births: 3656.
num_arena_deaths: 0.
num_vsnodes_births: 2.
num_vsnodes_deaths: 0.
num_space_committed: 1062.
num_space_uncommitted: 0.
num_chunks_returned_to_freelist: 12.
num_chunks_taken_from_freelist: 6561.
num_chunk_merges: 9.
num_chunk_splits: 4220.
num_chunks_enlarged: 2537.
num_inconsistent_stats: 0.

CodeHeap 'non-profiled nmethods': size=120000Kb used=5182Kb max_used=5182Kb free=114817Kb
 bounds [0x000001fbe3a60000, 0x000001fbe3f70000, 0x000001fbeaf90000]
CodeHeap 'profiled nmethods': size=120000Kb used=18596Kb max_used=18596Kb free=101403Kb
 bounds [0x000001fbdbf90000, 0x000001fbdd1c0000, 0x000001fbe34c0000]
CodeHeap 'non-nmethods': size=5760Kb used=3116Kb max_used=3159Kb free=2643Kb
 bounds [0x000001fbe34c0000, 0x000001fbe37f0000, 0x000001fbe3a60000]
 total_blobs=10495 nmethods=9548 adapters=851
 compilation: enabled
              stopped_count=0, restarted_count=0
 full_count=0

Compilation events (20 events):
Event: 28.362 Thread 0x000001fbee5fd7b0 10217       3       org.gradle.api.internal.artifacts.dependencies.DefaultExternalModuleDependency_Decorated::getRequestedCapabilities (40 bytes)
Event: 28.363 Thread 0x000001fbee5fd7b0 nmethod 10217 0x000001fbdd1b2c90 code [0x000001fbdd1b2f00, 0x000001fbdd1b39b0]
Event: 28.372 Thread 0x000001fb9b219310 nmethod 10200 0x000001fbe3f6be10 code [0x000001fbe3f6c060, 0x000001fbe3f6c958]
Event: 28.372 Thread 0x000001fbee5fd7b0 10218       3       org.gradle.api.internal.DelegatingDomainObjectSet::iterator (10 bytes)
Event: 28.372 Thread 0x000001fbee5fd7b0 nmethod 10218 0x000001fbdd1b3c90 code [0x000001fbdd1b3e40, 0x000001fbdd1b4018]
Event: 28.374 Thread 0x000001fbee5fd7b0 10219       1       org.gradle.internal.resource.ExternalResourceName::getPath (5 bytes)
Event: 28.374 Thread 0x000001fbee5fd7b0 nmethod 10219 0x000001fbe3f6cf10 code [0x000001fbe3f6d0a0, 0x000001fbe3f6d168]
Event: 28.374 Thread 0x000001fbee5fd7b0 10220       3       org.gradle.api.internal.artifacts.repositories.resolver.AbstractResourcePattern::isOptionalToken (153 bytes)
Event: 28.375 Thread 0x000001fbee5fd7b0 nmethod 10220 0x000001fbdd1b4110 code [0x000001fbdd1b43e0, 0x000001fbdd1b5318]
Event: 28.375 Thread 0x000001fbee5fd7b0 10221       3       java.nio.Buffer::flip (20 bytes)
Event: 28.375 Thread 0x000001fbee5fd7b0 nmethod 10221 0x000001fbdd1b5990 code [0x000001fbdd1b5b20, 0x000001fbdd1b5c40]
Event: 28.377 Thread 0x000001fbee5fd7b0 10222       3       org.apache.http.client.utils.URLEncodedUtils::urlDecode (183 bytes)
Event: 28.378 Thread 0x000001fbee5fd7b0 nmethod 10222 0x000001fbdd1b5d10 code [0x000001fbdd1b6120, 0x000001fbdd1b7ed0]
Event: 28.667 Thread 0x000001fb9b219310 10223       4       java.util.regex.Pattern$GroupTail::match (111 bytes)
Event: 28.668 Thread 0x000001fbee5fd7b0 10225       3       sun.security.ssl.CipherSuite::isAvailable (52 bytes)
Event: 28.668 Thread 0x000001fbee5fd7b0 nmethod 10225 0x000001fbdd1b8910 code [0x000001fbdd1b8ae0, 0x000001fbdd1b8e38]
Event: 28.668 Thread 0x000001fbee5fd7b0 10226       3       java.util.LinkedList::contains (14 bytes)
Event: 28.668 Thread 0x000001fbee5fd7b0 nmethod 10226 0x000001fbdd1b8f90 code [0x000001fbdd1b9140, 0x000001fbdd1b92e8]
Event: 28.669 Thread 0x000001fb9b219310 nmethod 10223 0x000001fbe3f6d210 code [0x000001fbe3f6d3c0, 0x000001fbe3f6d678]
Event: 28.669 Thread 0x000001fb9b219310 10224       4       java.util.regex.Pattern$CharPropertyGreedy::match (160 bytes)

GC Heap History (16 events):
Event: 0.717 GC heap before
{Heap before GC invocations=0 (full 0):
 garbage-first heap   total reserved 524288K, committed 262144K, used 14336K [0x00000000e0000000, 0x0000000100000000)
  region size 1024K, 14 young (14336K), 0 survivors (0K)
 Metaspace       used 828K, committed 960K, reserved 393216K
  class space    used 67K, committed 128K, reserved 327680K
}
Event: 0.726 GC heap after
{Heap after GC invocations=1 (full 0):
 garbage-first heap   total reserved 524288K, committed 262144K, used 1280K [0x00000000e0000000, 0x0000000100000000)
  region size 1024K, 2 young (2048K), 2 survivors (2048K)
 Metaspace       used 828K, committed 960K, reserved 393216K
  class space    used 67K, committed 128K, reserved 327680K
}
Event: 2.475 GC heap before
{Heap before GC invocations=1 (full 0):
 garbage-first heap   total reserved 524288K, committed 262144K, used 30976K [0x00000000e0000000, 0x0000000100000000)
  region size 1024K, 28 young (28672K), 2 survivors (2048K)
 Metaspace       used 4266K, committed 4480K, reserved 393216K
  class space    used 540K, committed 640K, reserved 327680K
}
Event: 2.479 GC heap after
{Heap after GC invocations=2 (full 0):
 garbage-first heap   total reserved 524288K, committed 262144K, used 11037K [0x00000000e0000000, 0x0000000100000000)
  region size 1024K, 4 young (4096K), 4 survivors (4096K)
 Metaspace       used 4266K, committed 4480K, reserved 393216K
  class space    used 540K, committed 640K, reserved 327680K
}
Event: 7.147 GC heap before
{Heap before GC invocations=2 (full 0):
 garbage-first heap   total reserved 524288K, committed 262144K, used 159517K [0x00000000e0000000, 0x0000000100000000)
  region size 1024K, 149 young (152576K), 4 survivors (4096K)
 Metaspace       used 20820K, committed 21504K, reserved 393216K
  class space    used 3092K, committed 3392K, reserved 327680K
}
Event: 7.173 GC heap after
{Heap after GC invocations=3 (full 0):
 garbage-first heap   total reserved 524288K, committed 262144K, used 24716K [0x00000000e0000000, 0x0000000100000000)
  region size 1024K, 17 young (17408K), 17 survivors (17408K)
 Metaspace       used 20820K, committed 21504K, reserved 393216K
  class space    used 3092K, committed 3392K, reserved 327680K
}
Event: 8.769 GC heap before
{Heap before GC invocations=4 (full 0):
 garbage-first heap   total reserved 524288K, committed 262144K, used 100492K [0x00000000e0000000, 0x0000000100000000)
  region size 1024K, 91 young (93184K), 17 survivors (17408K)
 Metaspace       used 30403K, committed 31744K, reserved 393216K
  class space    used 4751K, committed 5376K, reserved 327680K
}
Event: 8.793 GC heap after
{Heap after GC invocations=5 (full 0):
 garbage-first heap   total reserved 524288K, committed 262144K, used 28958K [0x00000000e0000000, 0x0000000100000000)
  region size 1024K, 5 young (5120K), 5 survivors (5120K)
 Metaspace       used 30403K, committed 31744K, reserved 393216K
  class space    used 4751K, committed 5376K, reserved 327680K
}
Event: 9.270 GC heap before
{Heap before GC invocations=5 (full 0):
 garbage-first heap   total reserved 524288K, committed 262144K, used 45342K [0x00000000e0000000, 0x0000000100000000)
  region size 1024K, 23 young (23552K), 5 survivors (5120K)
 Metaspace       used 34638K, committed 35968K, reserved 393216K
  class space    used 5171K, committed 5824K, reserved 327680K
}
Event: 9.275 GC heap after
{Heap after GC invocations=6 (full 0):
 garbage-first heap   total reserved 524288K, committed 262144K, used 31518K [0x00000000e0000000, 0x0000000100000000)
  region size 1024K, 7 young (7168K), 7 survivors (7168K)
 Metaspace       used 34638K, committed 35968K, reserved 393216K
  class space    used 5171K, committed 5824K, reserved 327680K
}
Event: 15.647 GC heap before
{Heap before GC invocations=7 (full 0):
 garbage-first heap   total reserved 524288K, committed 262144K, used 187166K [0x00000000e0000000, 0x0000000100000000)
  region size 1024K, 153 young (156672K), 7 survivors (7168K)
 Metaspace       used 48629K, committed 50432K, reserved 393216K
  class space    used 7151K, committed 8000K, reserved 327680K
}
Event: 15.665 GC heap after
{Heap after GC invocations=8 (full 0):
 garbage-first heap   total reserved 524288K, committed 262144K, used 42270K [0x00000000e0000000, 0x0000000100000000)
  region size 1024K, 18 young (18432K), 18 survivors (18432K)
 Metaspace       used 48629K, committed 50432K, reserved 393216K
  class space    used 7151K, committed 8000K, reserved 327680K
}
Event: 18.741 GC heap before
{Heap before GC invocations=8 (full 0):
 garbage-first heap   total reserved 524288K, committed 262144K, used 179486K [0x00000000e0000000, 0x0000000100000000)
  region size 1024K, 153 young (156672K), 18 survivors (18432K)
 Metaspace       used 57296K, committed 59328K, reserved 393216K
  class space    used 8368K, committed 9344K, reserved 327680K
}
Event: 18.770 GC heap after
{Heap after GC invocations=9 (full 0):
 garbage-first heap   total reserved 524288K, committed 262144K, used 52224K [0x00000000e0000000, 0x0000000100000000)
  region size 1024K, 11 young (11264K), 11 survivors (11264K)
 Metaspace       used 57296K, committed 59328K, reserved 393216K
  class space    used 8368K, committed 9344K, reserved 327680K
}
Event: 18.963 GC heap before
{Heap before GC invocations=9 (full 0):
 garbage-first heap   total reserved 524288K, committed 262144K, used 59392K [0x00000000e0000000, 0x0000000100000000)
  region size 1024K, 19 young (19456K), 11 survivors (11264K)
 Metaspace       used 58122K, committed 60160K, reserved 393216K
  class space    used 8460K, committed 9472K, reserved 327680K
}
Event: 18.979 GC heap after
{Heap after GC invocations=10 (full 0):
 garbage-first heap   total reserved 524288K, committed 262144K, used 53760K [0x00000000e0000000, 0x0000000100000000)
  region size 1024K, 2 young (2048K), 2 survivors (2048K)
 Metaspace       used 58122K, committed 60160K, reserved 393216K
  class space    used 8460K, committed 9472K, reserved 327680K
}

Dll operation events (15 events):
Event: 0.050 Loaded shared library C:\Program Files\Java\jdk-22\bin\java.dll
Event: 0.119 Loaded shared library C:\Program Files\Java\jdk-22\bin\jsvml.dll
Event: 0.219 Loaded shared library C:\Program Files\Java\jdk-22\bin\zip.dll
Event: 0.226 Loaded shared library C:\Program Files\Java\jdk-22\bin\instrument.dll
Event: 0.232 Loaded shared library C:\Program Files\Java\jdk-22\bin\net.dll
Event: 0.235 Loaded shared library C:\Program Files\Java\jdk-22\bin\nio.dll
Event: 0.238 Loaded shared library C:\Program Files\Java\jdk-22\bin\zip.dll
Event: 0.820 Loaded shared library C:\Program Files\Java\jdk-22\bin\jimage.dll
Event: 1.157 Loaded shared library C:\Program Files\Java\jdk-22\bin\verify.dll
Event: 1.523 Loaded shared library C:\Users\Fred\.gradle\native\c067742578af261105cb4f569cf0c3c89f3d7b1fecec35dd04571415982c5e48\windows-amd64\native-platform.dll
Event: 1.550 Loaded shared library C:\Users\Fred\.gradle\native\100fb08df4bc3b14c8652ba06237920a3bd2aa13389f12d3474272988ae205f9\windows-amd64\native-platform-file-events.dll
Event: 3.830 Loaded shared library C:\Program Files\Java\jdk-22\bin\management.dll
Event: 3.836 Loaded shared library C:\Program Files\Java\jdk-22\bin\management_ext.dll
Event: 4.326 Loaded shared library C:\Program Files\Java\jdk-22\bin\extnet.dll
Event: 4.909 Loaded shared library C:\Program Files\Java\jdk-22\bin\sunmscapi.dll

Deoptimization events (20 events):
Event: 27.300 Thread 0x000001fb9abe5830 Uncommon trap: trap_request=0xffffffde fr.pc=0x000001fbe3b27388 relative=0x00000000000000e8
Event: 27.300 Thread 0x000001fb9abe5830 Uncommon trap: reason=class_check action=maybe_recompile pc=0x000001fbe3b27388 method=jdk.internal.misc.Blocker.begin()J @ 11 c2
Event: 27.300 Thread 0x000001fb9abe5830 DEOPT PACKING pc=0x000001fbe3b27388 sp=0x00000053396fdb40
Event: 27.300 Thread 0x000001fb9abe5830 DEOPT UNPACKING pc=0x000001fbe3517da2 sp=0x00000053396fda20 mode 2
Event: 27.300 Thread 0x000001fb9abe5830 Uncommon trap: trap_request=0xffffffde fr.pc=0x000001fbe3b16070 relative=0x00000000000000d0
Event: 27.300 Thread 0x000001fb9abe5830 Uncommon trap: reason=class_check action=maybe_recompile pc=0x000001fbe3b16070 method=jdk.internal.misc.Blocker.begin()J @ 11 c2
Event: 27.300 Thread 0x000001fb9abe5830 DEOPT PACKING pc=0x000001fbe3b16070 sp=0x00000053396fdb30
Event: 27.300 Thread 0x000001fb9abe5830 DEOPT UNPACKING pc=0x000001fbe3517da2 sp=0x00000053396fda10 mode 2
Event: 27.300 Thread 0x000001fb9abe5830 Uncommon trap: trap_request=0xffffffde fr.pc=0x000001fbe3ce28f0 relative=0x00000000000000d0
Event: 27.300 Thread 0x000001fb9abe5830 Uncommon trap: reason=class_check action=maybe_recompile pc=0x000001fbe3ce28f0 method=jdk.internal.misc.Blocker.begin()J @ 11 c2
Event: 27.300 Thread 0x000001fb9abe5830 DEOPT PACKING pc=0x000001fbe3ce28f0 sp=0x00000053396fdd00
Event: 27.300 Thread 0x000001fb9abe5830 DEOPT UNPACKING pc=0x000001fbe3517da2 sp=0x00000053396fdb88 mode 2
Event: 28.114 Thread 0x000001fb9c8a7b70 Uncommon trap: trap_request=0xffffff45 fr.pc=0x000001fbe3cf846c relative=0x000000000000012c
Event: 28.114 Thread 0x000001fb9c8a7b70 Uncommon trap: reason=unstable_if action=reinterpret pc=0x000001fbe3cf846c method=java.lang.ThreadLocal.get(Ljava/lang/Thread;)Ljava/lang/Object; @ 7 c2
Event: 28.114 Thread 0x000001fb9c8a7b70 DEOPT PACKING pc=0x000001fbe3cf846c sp=0x000000533d4feb50
Event: 28.114 Thread 0x000001fb9c8a7b70 DEOPT UNPACKING pc=0x000001fbe3517da2 sp=0x000000533d4feaf8 mode 2
Event: 28.361 Thread 0x000001fb9abe51a0 Uncommon trap: trap_request=0xffffffc6 fr.pc=0x000001fbe3e3a75c relative=0x000000000000007c
Event: 28.361 Thread 0x000001fb9abe51a0 Uncommon trap: reason=bimorphic_or_optimized_type_check action=maybe_recompile pc=0x000001fbe3e3a75c method=com.google.common.collect.ImmutableList.copyOf(Ljava/util/Collection;)Lcom/google/common/collect/ImmutableList; @ 16 c2
Event: 28.361 Thread 0x000001fb9abe51a0 DEOPT PACKING pc=0x000001fbe3e3a75c sp=0x00000053395f9470
Event: 28.361 Thread 0x000001fb9abe51a0 DEOPT UNPACKING pc=0x000001fbe3517da2 sp=0x00000053395f9418 mode 2

Classes loaded (20 events):
Event: 25.972 Loading class java/util/Comparators$NaturalOrderComparator
Event: 25.973 Loading class java/util/Comparators$NaturalOrderComparator done
Event: 25.973 Loading class java/util/stream/ReduceOps$2
Event: 25.973 Loading class java/util/stream/ReduceOps$2 done
Event: 25.973 Loading class java/util/stream/ReduceOps$2ReducingSink
Event: 25.974 Loading class java/util/stream/ReduceOps$2ReducingSink done
Event: 26.032 Loading class java/util/stream/ReferencePipeline$15
Event: 26.032 Loading class java/util/stream/ReferencePipeline$15 done
Event: 26.036 Loading class java/util/stream/ReferencePipeline$15$1
Event: 26.036 Loading class java/util/stream/ReferencePipeline$15$1 done
Event: 26.170 Loading class java/lang/ProcessImpl
Event: 26.173 Loading class java/lang/ProcessImpl done
Event: 26.199 Loading class java/lang/ProcessHandleImpl
Event: 26.210 Loading class java/lang/ProcessHandleImpl done
Event: 26.211 Loading class java/lang/ProcessImpl$2
Event: 26.211 Loading class java/lang/ProcessImpl$2 done
Event: 26.211 Loading class java/lang/Process$PipeInputStream
Event: 26.215 Loading class java/lang/Process$PipeInputStream done
Event: 26.217 Loading class jdk/internal/event/ProcessStartEvent
Event: 26.228 Loading class jdk/internal/event/ProcessStartEvent done

Classes unloaded (0 events):
No events

Classes redefined (0 events):
No events

Internal exceptions (20 events):
Event: 17.182 Thread 0x000001fb9abe51a0 Exception <a 'java/lang/ClassNotFoundException'{0x00000000e9b5ade0}: org/gradle/api/plugins/internal/DefaultApplicationPluginConventionCustomizer> (0x00000000e9b5ade0) 
thrown [s\open\src\hotspot\share\classfile\systemDictionary.cpp, line 313]
Event: 17.183 Thread 0x000001fb9abe51a0 Exception <a 'java/lang/ClassNotFoundException'{0x00000000e9b85d40}: org/gradle/api/plugins/internal/DefaultApplicationPluginConvention_DecoratedCustomizer> (0x00000000e9b85d40) 
thrown [s\open\src\hotspot\share\classfile\systemDictionary.cpp, line 313]
Event: 17.194 Thread 0x000001fb9abe51a0 Exception <a 'java/lang/NoSuchMethodError'{0x00000000e9a5a9a8}: 'void java.lang.invoke.Invokers$Holder.invokeExact_MT(java.lang.Object, java.lang.Object, java.lang.Object, java.lang.Object)'> (0x00000000e9a5a9a8) 
thrown [s\open\src\hotspot\share\interpreter\linkResolver.cpp, line 774]
Event: 18.901 Thread 0x000001fb9abe7270 Exception <a 'java/lang/NoSuchMethodError'{0x00000000ef90c618}: static Lorg/gradle/internal/build/event/types/DefaultOperationStartedProgressEvent;.<clinit>()V> (0x00000000ef90c618) 
thrown [s\open\src\hotspot\share\prims\jni.cpp, line 1111]
Event: 18.902 Thread 0x000001fb9abe7270 Exception <a 'java/lang/NoSuchMethodError'{0x00000000ef90e780}: static Lorg/gradle/internal/build/event/types/AbstractProgressEvent;.<clinit>()V> (0x00000000ef90e780) 
thrown [s\open\src\hotspot\share\prims\jni.cpp, line 1111]
Event: 18.903 Thread 0x000001fb9abe7270 Exception <a 'java/lang/NoSuchMethodError'{0x00000000ef92a790}: static Lorg/gradle/internal/build/event/types/DefaultFileDownloadDescriptor;.<clinit>()V> (0x00000000ef92a790) 
thrown [s\open\src\hotspot\share\prims\jni.cpp, line 1111]
Event: 18.903 Thread 0x000001fb9abe7270 Exception <a 'java/lang/NoSuchMethodError'{0x00000000ef92caa0}: static Lorg/gradle/internal/build/event/types/DefaultOperationDescriptor;.<clinit>()V> (0x00000000ef92caa0) 
thrown [s\open\src\hotspot\share\prims\jni.cpp, line 1111]
Event: 18.905 Thread 0x000001fb9abe7270 Exception <a 'java/lang/NoSuchMethodError'{0x00000000ef9315a8}: 'long java.lang.invoke.DirectMethodHandle$Holder.invokeSpecial(java.lang.Object, java.lang.Object)'> (0x00000000ef9315a8) 
thrown [s\open\src\hotspot\share\interpreter\linkResolver.cpp, line 774]
Event: 18.905 Thread 0x000001fb9abe7270 Exception <a 'java/lang/NoSuchMethodError'{0x00000000ef934cc0}: 'long java.lang.invoke.Invokers$Holder.invokeExact_MT(java.lang.Object, java.lang.Object)'> (0x00000000ef934cc0) 
thrown [s\open\src\hotspot\share\interpreter\linkResolver.cpp, line 774]
Event: 18.906 Thread 0x000001fb9abe7270 Exception <a 'java/lang/NoSuchMethodError'{0x00000000ef940290}: static Lorg/gradle/internal/operations/OperationIdentifier;.<clinit>()V> (0x00000000ef940290) 
thrown [s\open\src\hotspot\share\prims\jni.cpp, line 1111]
Event: 18.998 Thread 0x000001fb9abe51a0 Exception <a 'sun/nio/fs/WindowsException'{0x00000000eff061e8}> (0x00000000eff061e8) 
thrown [s\open\src\hotspot\share\prims\jni.cpp, line 520]
Event: 21.859 Thread 0x000001fb9abe7270 Exception <a 'java/lang/NoSuchMethodError'{0x00000000eff86388}: static Lorg/gradle/internal/build/event/types/DefaultOperationFinishedProgressEvent;.<clinit>()V> (0x00000000eff86388) 
thrown [s\open\src\hotspot\share\prims\jni.cpp, line 1111]
Event: 21.865 Thread 0x000001fb9abe7270 Exception <a 'java/lang/NoSuchMethodError'{0x00000000ee484ba0}: static Lorg/gradle/internal/build/event/types/NotFoundFileDownloadSuccessResult;.<clinit>()V> (0x00000000ee484ba0) 
thrown [s\open\src\hotspot\share\prims\jni.cpp, line 1111]
Event: 21.865 Thread 0x000001fb9abe7270 Exception <a 'java/lang/NoSuchMethodError'{0x00000000ee485890}: static Lorg/gradle/internal/build/event/types/AbstractOperationResult;.<clinit>()V> (0x00000000ee485890) 
thrown [s\open\src\hotspot\share\prims\jni.cpp, line 1111]
Event: 21.866 Thread 0x000001fb9abe7270 Exception <a 'java/lang/NoSuchMethodError'{0x00000000ee486828}: static Lorg/gradle/internal/build/event/types/AbstractResult;.<clinit>()V> (0x00000000ee486828) 
thrown [s\open\src\hotspot\share\prims\jni.cpp, line 1111]
Event: 26.023 Thread 0x000001fb9abe51a0 Exception <a 'java/lang/NoSuchMethodError'{0x00000000eaa47f20}: 'int java.lang.invoke.DirectMethodHandle$Holder.invokeSpecialIFC(java.lang.Object, java.lang.Object, java.lang.Object, java.lang.Object, java.lang.Object)'> (0x00000000eaa47f20) 
thrown [s\open\src\hotspot\share\interpreter\linkResolver.cpp, line 774]
Event: 26.199 Thread 0x000001fb9c8a74e0 Exception <a 'java/lang/NoSuchMethodError'{0x00000000ea8f8660}: 'void java.lang.invoke.DirectMethodHandle$Holder.invokeStatic(java.lang.Object, long)'> (0x00000000ea8f8660) 
thrown [s\open\src\hotspot\share\interpreter\linkResolver.cpp, line 774]
Event: 26.210 Thread 0x000001fb9c8a74e0 Exception <a 'java/lang/NoSuchMethodError'{0x00000000ea702c40}: 'java.lang.Object java.lang.invoke.DirectMethodHandle$Holder.invokeStaticInit(java.lang.Object, long, java.lang.Object)'> (0x00000000ea702c40) 
thrown [s\open\src\hotspot\share\interpreter\linkResolver.cpp, line 774]
Event: 27.291 Thread 0x000001fb9c8a95b0 Implicit null exception at 0x000001fbe3db8a0b to 0x000001fbe3db8ad0
Event: 28.114 Thread 0x000001fb9c8a7b70 Implicit null exception at 0x000001fbe3cf8387 to 0x000001fbe3cf8454

ZGC Phase Switch (0 events):
No events

VM Operations (20 events):
Event: 22.146 Executing VM operation: HandshakeAllThreads (Deoptimize)
Event: 22.146 Executing VM operation: HandshakeAllThreads (Deoptimize) done
Event: 22.146 Executing VM operation: Cleanup
Event: 22.146 Executing VM operation: Cleanup done
Event: 22.244 Executing VM operation: HandshakeAllThreads (Deoptimize)
Event: 22.244 Executing VM operation: HandshakeAllThreads (Deoptimize) done
Event: 23.017 Executing VM operation: ICBufferFull
Event: 23.017 Executing VM operation: ICBufferFull done
Event: 24.019 Executing VM operation: Cleanup
Event: 24.019 Executing VM operation: Cleanup done
Event: 25.025 Executing VM operation: Cleanup
Event: 25.025 Executing VM operation: Cleanup done
Event: 26.042 Executing VM operation: Cleanup
Event: 26.056 Executing VM operation: Cleanup done
Event: 26.217 Executing VM operation: HandshakeAllThreads (Deoptimize)
Event: 26.217 Executing VM operation: HandshakeAllThreads (Deoptimize) done
Event: 27.217 Executing VM operation: Cleanup
Event: 27.217 Executing VM operation: Cleanup done
Event: 28.220 Executing VM operation: Cleanup
Event: 28.220 Executing VM operation: Cleanup done

Memory protections (0 events):
No events

Nmethod flushes (20 events):
Event: 19.072 Thread 0x000001fbee5d4b00 flushing  nmethod 0x000001fbdc32b010
Event: 19.072 Thread 0x000001fbee5d4b00 flushing  nmethod 0x000001fbdc32c110
Event: 19.072 Thread 0x000001fbee5d4b00 flushing  nmethod 0x000001fbdc34ed10
Event: 19.072 Thread 0x000001fbee5d4b00 flushing  nmethod 0x000001fbdc421290
Event: 19.072 Thread 0x000001fbee5d4b00 flushing  nmethod 0x000001fbdc44d390
Event: 19.072 Thread 0x000001fbee5d4b00 flushing  nmethod 0x000001fbdc468e90
Event: 19.072 Thread 0x000001fbee5d4b00 flushing  nmethod 0x000001fbdc46a010
Event: 19.072 Thread 0x000001fbee5d4b00 flushing  nmethod 0x000001fbdc46a510
Event: 19.072 Thread 0x000001fbee5d4b00 flushing  nmethod 0x000001fbdc46b210
Event: 19.072 Thread 0x000001fbee5d4b00 flushing  nmethod 0x000001fbdc46b710
Event: 19.072 Thread 0x000001fbee5d4b00 flushing  nmethod 0x000001fbdc475990
Event: 19.072 Thread 0x000001fbee5d4b00 flushing  nmethod 0x000001fbdc4c3890
Event: 19.072 Thread 0x000001fbee5d4b00 flushing  nmethod 0x000001fbdc53d310
Event: 19.072 Thread 0x000001fbee5d4b00 flushing  nmethod 0x000001fbdc53e310
Event: 19.072 Thread 0x000001fbee5d4b00 flushing  nmethod 0x000001fbdc573c90
Event: 19.072 Thread 0x000001fbee5d4b00 flushing  nmethod 0x000001fbdc5f1e90
Event: 19.072 Thread 0x000001fbee5d4b00 flushing  nmethod 0x000001fbdc6bbf10
Event: 19.072 Thread 0x000001fbee5d4b00 flushing  nmethod 0x000001fbdc6bd190
Event: 19.072 Thread 0x000001fbee5d4b00 flushing  nmethod 0x000001fbdc6c5b10
Event: 19.072 Thread 0x000001fbee5d4b00 flushing  nmethod 0x000001fbdc73e110

Events (20 events):
Event: 17.816 Thread 0x000001fb9abe51a0 Thread added: 0x000001fb9c964310
Event: 17.828 Thread 0x000001fb9abe51a0 Thread added: 0x000001fb9c9649a0
Event: 17.879 Thread 0x000001fb9abe51a0 Thread added: 0x000001fb9c961bb0
Event: 17.908 Thread 0x000001fb9abe51a0 Thread added: 0x000001fb9c962240
Event: 17.964 Thread 0x000001fb9abe51a0 Thread added: 0x000001fb9c95f450
Event: 18.018 Thread 0x000001fb9abe51a0 Thread added: 0x000001fb9c960170
Event: 18.075 Thread 0x000001fb9abe51a0 Thread added: 0x000001fb9c965030
Event: 18.094 Thread 0x000001fb9abe51a0 Thread added: 0x000001fb9c963c80
Event: 18.126 Thread 0x000001fb9abe51a0 Thread added: 0x000001fb9c960800
Event: 18.152 Thread 0x000001fb9abe51a0 Thread added: 0x000001fb9c9628d0
Event: 18.164 Thread 0x000001fb9abe51a0 Thread added: 0x000001fb9c95fae0
Event: 18.184 Thread 0x000001fb9abe51a0 Thread added: 0x000001fb9c960e90
Event: 18.202 Thread 0x000001fb9abe51a0 Thread added: 0x000001fb9c9656c0
Event: 26.036 Thread 0x000001fb9abe51a0 Thread added: 0x000001fb9c8a8f20
Event: 26.068 Thread 0x000001fb9abe51a0 Thread added: 0x000001fb9c8a7b70
Event: 26.075 Thread 0x000001fb9abe51a0 Thread added: 0x000001fb9c8a95b0
Event: 26.096 Thread 0x000001fb9abe51a0 Thread added: 0x000001fb9c8a74e0
Event: 26.229 Thread 0x000001fb9c8a74e0 Thread added: 0x000001fb9c8a6e50
Event: 26.229 Thread 0x000001fb9c8a74e0 Thread added: 0x000001fb9c8a8200
Event: 28.348 Thread 0x000001fbee5fd7b0 Thread added: 0x000001fb9b219310


Dynamic libraries:
0x00007ff6e8ca0000 - 0x00007ff6e8cb0000 	C:\Program Files\Java\jdk-22\bin\java.exe
0x00007ffe98af0000 - 0x00007ffe98d07000 	C:\WINDOWS\SYSTEM32\ntdll.dll
0x00007ffe96ad0000 - 0x00007ffe96b94000 	C:\WINDOWS\System32\KERNEL32.DLL
0x00007ffe962e0000 - 0x00007ffe9669a000 	C:\WINDOWS\System32\KERNELBASE.dll
0x00007ffe95db0000 - 0x00007ffe95ec1000 	C:\WINDOWS\System32\ucrtbase.dll
0x00007ffe8ec50000 - 0x00007ffe8ec67000 	C:\Program Files\Java\jdk-22\bin\jli.dll
0x00007ffe988f0000 - 0x00007ffe98a9e000 	C:\WINDOWS\System32\USER32.dll
0x00007ffe6f640000 - 0x00007ffe6f65b000 	C:\Program Files\Java\jdk-22\bin\VCRUNTIME140.dll
0x00007ffe70fd0000 - 0x00007ffe71262000 	C:\WINDOWS\WinSxS\amd64_microsoft.windows.common-controls_6595b64144ccf1df_6.0.22621.4541_none_2710d1c57384c085\COMCTL32.dll
0x00007ffe983a0000 - 0x00007ffe98447000 	C:\WINDOWS\System32\msvcrt.dll
0x00007ffe95f70000 - 0x00007ffe95f96000 	C:\WINDOWS\System32\win32u.dll
0x00007ffe967e0000 - 0x00007ffe96809000 	C:\WINDOWS\System32\GDI32.dll
0x00007ffe96110000 - 0x00007ffe9622b000 	C:\WINDOWS\System32\gdi32full.dll
0x00007ffe95ed0000 - 0x00007ffe95f6a000 	C:\WINDOWS\System32\msvcp_win.dll
0x00007ffe96ed0000 - 0x00007ffe96f01000 	C:\WINDOWS\System32\IMM32.DLL
0x00007ffe8ecb0000 - 0x00007ffe8ecbc000 	C:\Program Files\Java\jdk-22\bin\vcruntime140_1.dll
0x00007ffe64b00000 - 0x00007ffe64b8e000 	C:\Program Files\Java\jdk-22\bin\msvcp140.dll
0x00007ffdf94d0000 - 0x00007ffdfa219000 	C:\Program Files\Java\jdk-22\bin\server\jvm.dll
0x00007ffe970c0000 - 0x00007ffe97172000 	C:\WINDOWS\System32\ADVAPI32.dll
0x00007ffe97f50000 - 0x00007ffe97ff7000 	C:\WINDOWS\System32\sechost.dll
0x00007ffe962b0000 - 0x00007ffe962d8000 	C:\WINDOWS\System32\bcrypt.dll
0x00007ffe97ca0000 - 0x00007ffe97db4000 	C:\WINDOWS\System32\RPCRT4.dll
0x00007ffe96910000 - 0x00007ffe96981000 	C:\WINDOWS\System32\WS2_32.dll
0x00007ffe95ad0000 - 0x00007ffe95b1d000 	C:\WINDOWS\SYSTEM32\POWRPROF.dll
0x00007ffe8e0b0000 - 0x00007ffe8e0e4000 	C:\WINDOWS\SYSTEM32\WINMM.dll
0x00007ffe86810000 - 0x00007ffe8681a000 	C:\WINDOWS\SYSTEM32\VERSION.dll
0x00007ffe95ab0000 - 0x00007ffe95ac3000 	C:\WINDOWS\SYSTEM32\UMPDC.dll
0x00007ffe94dd0000 - 0x00007ffe94de8000 	C:\WINDOWS\SYSTEM32\kernel.appcore.dll
0x00007ffe64af0000 - 0x00007ffe64afa000 	C:\Program Files\Java\jdk-22\bin\jimage.dll
0x00007ffe935a0000 - 0x00007ffe937d2000 	C:\WINDOWS\SYSTEM32\DBGHELP.DLL
0x00007ffe98000000 - 0x00007ffe98391000 	C:\WINDOWS\System32\combase.dll
0x00007ffe97340000 - 0x00007ffe97417000 	C:\WINDOWS\System32\OLEAUT32.dll
0x00007ffe5f1c0000 - 0x00007ffe5f1f2000 	C:\WINDOWS\SYSTEM32\dbgcore.DLL
0x00007ffe966a0000 - 0x00007ffe9671b000 	C:\WINDOWS\System32\bcryptPrimitives.dll
0x00007ffe1ea60000 - 0x00007ffe1ea6f000 	C:\Program Files\Java\jdk-22\bin\instrument.dll
0x00007ffe61ec0000 - 0x00007ffe61ede000 	C:\Program Files\Java\jdk-22\bin\java.dll
0x00007ffe97420000 - 0x00007ffe97c99000 	C:\WINDOWS\System32\SHELL32.dll
0x00007ffe97190000 - 0x00007ffe97335000 	C:\WINDOWS\System32\ole32.dll
0x00007ffe93ca0000 - 0x00007ffe945a9000 	C:\WINDOWS\SYSTEM32\windows.storage.dll
0x00007ffe93b60000 - 0x00007ffe93c9f000 	C:\WINDOWS\SYSTEM32\wintypes.dll
0x00007ffe96810000 - 0x00007ffe9690a000 	C:\WINDOWS\System32\SHCORE.dll
0x00007ffe969e0000 - 0x00007ffe96a3e000 	C:\WINDOWS\System32\shlwapi.dll
0x00007ffe95ce0000 - 0x00007ffe95d0b000 	C:\WINDOWS\SYSTEM32\profapi.dll
0x00007ffe2b170000 - 0x00007ffe2b247000 	C:\Program Files\Java\jdk-22\bin\jsvml.dll
0x00007ffe5f7b0000 - 0x00007ffe5f7c7000 	C:\Program Files\Java\jdk-22\bin\zip.dll
0x00007ffe62190000 - 0x00007ffe621a0000 	C:\Program Files\Java\jdk-22\bin\net.dll
0x00007ffe95270000 - 0x00007ffe952d9000 	C:\WINDOWS\system32\mswsock.dll
0x00007ffe61ea0000 - 0x00007ffe61eb6000 	C:\Program Files\Java\jdk-22\bin\nio.dll
0x00007ffe1ea50000 - 0x00007ffe1ea60000 	C:\Program Files\Java\jdk-22\bin\verify.dll
0x00007ffe59600000 - 0x00007ffe59627000 	C:\Users\Fred\.gradle\native\c067742578af261105cb4f569cf0c3c89f3d7b1fecec35dd04571415982c5e48\windows-amd64\native-platform.dll
0x00007ffe09ba0000 - 0x00007ffe09ce4000 	C:\Users\Fred\.gradle\native\100fb08df4bc3b14c8652ba06237920a3bd2aa13389f12d3474272988ae205f9\windows-amd64\native-platform-file-events.dll
0x00007ffe5ebd0000 - 0x00007ffe5ebda000 	C:\Program Files\Java\jdk-22\bin\management.dll
0x00007ffe5eb50000 - 0x00007ffe5eb5b000 	C:\Program Files\Java\jdk-22\bin\management_ext.dll
0x00007ffe96e60000 - 0x00007ffe96e68000 	C:\WINDOWS\System32\PSAPI.DLL
0x00007ffe954c0000 - 0x00007ffe954db000 	C:\WINDOWS\SYSTEM32\CRYPTSP.dll
0x00007ffe94d20000 - 0x00007ffe94d55000 	C:\WINDOWS\system32\rsaenh.dll
0x00007ffe95360000 - 0x00007ffe95388000 	C:\WINDOWS\SYSTEM32\USERENV.dll
0x00007ffe954e0000 - 0x00007ffe954ec000 	C:\WINDOWS\SYSTEM32\CRYPTBASE.dll
0x00007ffe94810000 - 0x00007ffe9483d000 	C:\WINDOWS\SYSTEM32\IPHLPAPI.DLL
0x00007ffe97180000 - 0x00007ffe97189000 	C:\WINDOWS\System32\NSI.dll
0x00007ffe5ebe0000 - 0x00007ffe5ebe9000 	C:\Program Files\Java\jdk-22\bin\extnet.dll
0x00007ffe5f120000 - 0x00007ffe5f12e000 	C:\Program Files\Java\jdk-22\bin\sunmscapi.dll
0x00007ffe95fa0000 - 0x00007ffe96106000 	C:\WINDOWS\System32\CRYPT32.dll
0x00007ffe95680000 - 0x00007ffe956ad000 	C:\WINDOWS\SYSTEM32\ncrypt.dll
0x00007ffe95640000 - 0x00007ffe95677000 	C:\WINDOWS\SYSTEM32\NTASN1.dll
0x00007ffe62180000 - 0x00007ffe62188000 	C:\WINDOWS\system32\wshunix.dll
0x00007ffe94880000 - 0x00007ffe94982000 	C:\WINDOWS\SYSTEM32\DNSAPI.dll
0x00007ffe89530000 - 0x00007ffe8953a000 	C:\Windows\System32\rasadhlp.dll
0x00007ffe8a690000 - 0x00007ffe8a713000 	C:\WINDOWS\System32\fwpuclnt.dll

dbghelp: loaded successfully - version: 4.0.5 - missing functions: none
symbol engine: initialized successfully - sym options: 0x614 - pdb path: .;C:\Program Files\Java\jdk-22\bin;C:\WINDOWS\SYSTEM32;C:\WINDOWS\WinSxS\amd64_microsoft.windows.common-controls_6595b64144ccf1df_6.0.22621.4541_none_2710d1c57384c085;C:\Program Files\Java\jdk-22\bin\server;C:\Users\Fred\.gradle\native\c067742578af261105cb4f569cf0c3c89f3d7b1fecec35dd04571415982c5e48\windows-amd64;C:\Users\Fred\.gradle\native\100fb08df4bc3b14c8652ba06237920a3bd2aa13389f12d3474272988ae205f9\windows-amd64

VM Arguments:
jvm_args: --add-opens=java.base/java.util=ALL-UNNAMED --add-opens=java.base/java.lang=ALL-UNNAMED --add-opens=java.base/java.lang.invoke=ALL-UNNAMED --add-opens=java.prefs/java.util.prefs=ALL-UNNAMED --add-exports=jdk.compiler/com.sun.tools.javac.api=ALL-UNNAMED --add-exports=jdk.compiler/com.sun.tools.javac.util=ALL-UNNAMED --add-opens=java.base/java.nio.charset=ALL-UNNAMED --add-opens=java.base/java.net=ALL-UNNAMED --add-opens=java.base/java.util.concurrent.atomic=ALL-UNNAMED -XX:MaxMetaspaceSize=384m -XX:+HeapDumpOnOutOfMemoryError -Xms256m -Xmx512m -Dfile.encoding=UTF-8 -Duser.country=FR -Duser.language=fr -Duser.variant -javaagent:C:\Users\Fred\.gradle\wrapper\dists\gradle-8.10-bin\deqhafrv1ntovfmgh0nh3npr9\gradle-8.10\lib\agents\gradle-instrumentation-agent-8.10.jar 
java_command: org.gradle.launcher.daemon.bootstrap.GradleDaemon 8.10
java_class_path (initial): C:\Users\Fred\.gradle\wrapper\dists\gradle-8.10-bin\deqhafrv1ntovfmgh0nh3npr9\gradle-8.10\lib\gradle-daemon-main-8.10.jar
Launcher Type: SUN_STANDARD

[Global flags]
     intx CICompilerCount                          = 3                                         {product} {ergonomic}
   size_t CompressedClassSpaceSize                 = 335544320                                 {product} {ergonomic}
     uint ConcGCThreads                            = 1                                         {product} {ergonomic}
     uint G1ConcRefinementThreads                  = 4                                         {product} {ergonomic}
   size_t G1HeapRegionSize                         = 1048576                                   {product} {ergonomic}
     bool HeapDumpOnOutOfMemoryError               = true                                   {manageable} {command line}
   size_t InitialHeapSize                          = 268435456                                 {product} {command line}
   size_t MarkStackSize                            = 4194304                                   {product} {ergonomic}
   size_t MaxHeapSize                              = 536870912                                 {product} {command line}
   size_t MaxMetaspaceSize                         = 402653184                                 {product} {command line}
   size_t MaxNewSize                               = 321912832                                 {product} {ergonomic}
   size_t MinHeapDeltaBytes                        = 1048576                                   {product} {ergonomic}
   size_t MinHeapSize                              = 268435456                                 {product} {command line}
    uintx NonNMethodCodeHeapSize                   = 5832780                                {pd product} {ergonomic}
    uintx NonProfiledCodeHeapSize                  = 122912730                              {pd product} {ergonomic}
    uintx ProfiledCodeHeapSize                     = 122912730                              {pd product} {ergonomic}
    uintx ReservedCodeCacheSize                    = 251658240                              {pd product} {ergonomic}
     bool SegmentedCodeCache                       = true                                      {product} {ergonomic}
   size_t SoftMaxHeapSize                          = 536870912                              {manageable} {ergonomic}
     bool UseCompressedOops                        = true                           {product lp64_product} {ergonomic}
     bool UseG1GC                                  = true                                      {product} {ergonomic}
     bool UseLargePagesIndividualAllocation        = false                                  {pd product} {ergonomic}

Logging:
Log output configuration:
 #0: stdout all=warning uptime,level,tags foldmultilines=false
 #1: stderr all=off uptime,level,tags foldmultilines=false

Environment Variables:
JAVA_HOME=C:\Program Files\Java\jdk-22
PATH=C:\Users\Fred\Documents\School\Oracle\WINDOWS.X64_193000_db_home\bin;C:\Program Files\Java\jdk-22\bin;C:\Program Files\Java\jdk-17.0.11\bin;C:\Program Files (x86)\VMware\VMware Workstation\bin\;C:\WINDOWS\system32;C:\WINDOWS;C:\WINDOWS\System32\Wbem;C:\WINDOWS\System32\WindowsPowerShell\v1.0\;C:\WINDOWS\System32\OpenSSH\;C:\Program Files\Calibre2\;C:\Program Files (x86)\Windows Kits\10\Windows Performance Toolkit\;C:\Program Files\Git\cmd;C:\Program Files\nodejs\;C:\Program Files\Docker\Docker\resources\bin;C:\Program Files\Go\bin;C:\Users\Fred\.config\herd\bin\nvm;C:\Program Files\nodejs;C:\Program Files (x86)\Common Files\Oracle\Java\java8path;C:\Program Files (x86)\Common Files\Oracle\Java\javapath;C:\ProgramData\chocolatey\bin;C:\Users\Fred\.config\herd\bin;C:\Users\Fred\.config\herd-lite\bin;C:\Users\Fred\AppData\Local\Microsoft\WindowsApps;C:\Users\Fred\AppData\Local\Programs\nu\bin\;C:\Users\Fred\AppData\Local\Programs\Microsoft VS Code\bin;C:\msys64\ucrt64\bin;C:\Users\Fred\AppData\Local\Microsoft\WinGet\Links;C:\Program Files\Git\bin;C:\Users\Fred\AppData\Roaming\npm;C:\Users\Fred\bin\flutter\bin;C:\Users\Fred\AppData\Local\Android\Sdk\cmdline-tools;C:\Users\Fred\AppData\Local\Android\Sdk\tools;C:\cmdline-tools\bin;C:\Users\Fred\go\bin;C:\Program Files\Java\jdk-22\bin;C:\Program Files\Java\jdk-17.0.11\bin;C:\wamp64\bin\php\php8.2.18;C:\Program Files\JetBrains\PhpStorm 2020.1\bin;;C:\wamp64\bin\mysql\mysql8.3.0\bin;C:\Program Files\JetBrains\IntelliJ IDEA 2024.2.4\bin;;C:\Users\Fred\AppData\Local\GitHubDesktop\bin;C:\Program Files\spring-3.3.5\bin;C:\Users\Fred\Documents\School\Oracle\WINDOWS.X64_193000_db_home\bin;
USERNAME=Fred
OS=Windows_NT
PROCESSOR_IDENTIFIER=Intel64 Family 6 Model 140 Stepping 1, GenuineIntel
TMP=C:\Users\Fred\AppData\Local\Temp
TEMP=C:\Users\Fred\AppData\Local\Temp




Periodic native trim disabled

---------------  S Y S T E M  ---------------

OS:
 Windows 11 , 64 bit Build 22621 (10.0.22621.4391)
OS uptime: 1 days 0:37 hours
Hyper-V role detected

CPU: total 4 (initial active 4) (2 cores per cpu, 2 threads per core) family 6 model 140 stepping 1 microcode 0xb4, cx8, cmov, fxsr, ht, mmx, 3dnowpref, sse, sse2, sse3, ssse3, sse4.1, sse4.2, popcnt, lzcnt, tsc, tscinvbit, avx, avx2, aes, erms, clmul, bmi1, bmi2, adx, avx512f, avx512dq, avx512cd, avx512bw, avx512vl, sha, fma, vzeroupper, avx512_vpopcntdq, avx512_vpclmulqdq, avx512_vaes, avx512_vnni, clflush, clflushopt, clwb, avx512_vbmi2, avx512_vbmi, hv, rdtscp, rdpid, fsrm, gfni, avx512_bitalg, f16c, cet_ibt, cet_ss, avx512_ifma
Processor Information for all 4 processors :
  Max Mhz: 2901, Current Mhz: 2901, Mhz Limit: 2901

Memory: 4k page, system-wide physical 7834M (430M free)
TotalPageFile size 35307M (AvailPageFile size 2M)
current process WorkingSet (physical memory assigned to process): 430M, peak: 432M
current process commit charge ("private bytes"): 504M, peak: 505M

vm_info: Java HotSpot(TM) 64-Bit Server VM (22.0.2+9-70) for windows-amd64 JRE (22.0.2+9-70), built on 2024-06-04T16:52:23Z by "mach5one" with MS VC++ 17.6 (VS2022)

END.
